2019-07-08 14:58:17 [debug]: Pattern for word mistranslate: .mis1

2019-07-08 14:58:17 [debug]: Pattern for word mistranslate: a2n

2019-07-08 14:58:17 [debug]: Pattern for word mistranslate: 2is.

2019-07-08 14:58:17 [debug]: Pattern for word mistranslate: 5mi.

2019-07-08 14:58:17 [debug]: Pattern for word mistranslate: m2is

2019-07-08 14:58:17 [debug]: Pattern for word mistranslate: 2n1s2

2019-07-08 14:58:17 [debug]: Pattern for word mistranslate: n2sl

2019-07-08 14:58:17 [debug]: Pattern for word mistranslate: s1l2

2019-07-08 14:58:17 [debug]: Pattern for word mistranslate: s3lat

2019-07-08 14:58:17 [debug]: Pattern for word mistranslate: 2st.

2019-07-08 14:58:17 [debug]: Pattern for word mistranslate: st4r

2019-07-08 14:58:17 [debug]: Pattern for word mistranslate: 4te.

2019-07-08 14:58:17 [debug]: Pattern for word mistranslate: 1tra

2019-07-08 14:58:17 [debug]: Script execution time 0.0075860023498535
2019-07-08 14:58:38 [debug]: Pattern for word mistranslate: .mis1

2019-07-08 14:58:38 [debug]: Pattern for word mistranslate: a2n

2019-07-08 14:58:38 [debug]: Pattern for word mistranslate: 2is.

2019-07-08 14:58:38 [debug]: Pattern for word mistranslate: 5mi.

2019-07-08 14:58:38 [debug]: Pattern for word mistranslate: m2is

2019-07-08 14:58:38 [debug]: Pattern for word mistranslate: 2n1s2

2019-07-08 14:58:38 [debug]: Pattern for word mistranslate: n2sl

2019-07-08 14:58:38 [debug]: Pattern for word mistranslate: s1l2

2019-07-08 14:58:38 [debug]: Pattern for word mistranslate: s3lat

2019-07-08 14:58:38 [debug]: Pattern for word mistranslate: 2st.

2019-07-08 14:58:38 [debug]: Pattern for word mistranslate: st4r

2019-07-08 14:58:38 [debug]: Pattern for word mistranslate: 4te.

2019-07-08 14:58:38 [debug]: Pattern for word mistranslate: 1tra

2019-07-08 14:58:38 [debug]: Script execution time 0.0080258846282959
2019-07-08 14:58:54 [debug]: Pattern for word mistranslate: .mis1

2019-07-08 14:58:54 [debug]: Pattern for word mistranslate: a2n

2019-07-08 14:58:54 [debug]: Pattern for word mistranslate: 2is.

2019-07-08 14:58:54 [debug]: Pattern for word mistranslate: 5mi.

2019-07-08 14:58:54 [debug]: Pattern for word mistranslate: m2is

2019-07-08 14:58:54 [debug]: Pattern for word mistranslate: 2n1s2

2019-07-08 14:58:54 [debug]: Pattern for word mistranslate: n2sl

2019-07-08 14:58:54 [debug]: Pattern for word mistranslate: s1l2

2019-07-08 14:58:54 [debug]: Pattern for word mistranslate: s3lat

2019-07-08 14:58:54 [debug]: Pattern for word mistranslate: 2st.

2019-07-08 14:58:54 [debug]: Pattern for word mistranslate: st4r

2019-07-08 14:58:54 [debug]: Pattern for word mistranslate: 4te.

2019-07-08 14:58:54 [debug]: Pattern for word mistranslate: 1tra

2019-07-08 14:58:54 [debug]: Script execution time 0.0085489749908447
2019-07-08 14:58:59 [debug]: Pattern for word mistranslate: .mis1

2019-07-08 14:58:59 [debug]: Pattern for word mistranslate: a2n

2019-07-08 14:58:59 [debug]: Pattern for word mistranslate: 2is.

2019-07-08 14:58:59 [debug]: Pattern for word mistranslate: 5mi.

2019-07-08 14:58:59 [debug]: Pattern for word mistranslate: m2is

2019-07-08 14:58:59 [debug]: Pattern for word mistranslate: 2n1s2

2019-07-08 14:58:59 [debug]: Pattern for word mistranslate: n2sl

2019-07-08 14:58:59 [debug]: Pattern for word mistranslate: s1l2

2019-07-08 14:58:59 [debug]: Pattern for word mistranslate: s3lat

2019-07-08 14:58:59 [debug]: Pattern for word mistranslate: 2st.

2019-07-08 14:58:59 [debug]: Pattern for word mistranslate: st4r

2019-07-08 14:58:59 [debug]: Pattern for word mistranslate: 4te.

2019-07-08 14:58:59 [debug]: Pattern for word mistranslate: 1tra

2019-07-08 14:58:59 [debug]: Script execution time 0.0080249309539795
2019-07-08 14:59:15 [debug]: Pattern for word mistranslate: .mis1

2019-07-08 14:59:15 [debug]: Pattern for word mistranslate: a2n

2019-07-08 14:59:15 [debug]: Pattern for word mistranslate: 2is.

2019-07-08 14:59:15 [debug]: Pattern for word mistranslate: 5mi.

2019-07-08 14:59:15 [debug]: Pattern for word mistranslate: m2is

2019-07-08 14:59:15 [debug]: Pattern for word mistranslate: 2n1s2

2019-07-08 14:59:15 [debug]: Pattern for word mistranslate: n2sl

2019-07-08 14:59:15 [debug]: Pattern for word mistranslate: s1l2

2019-07-08 14:59:15 [debug]: Pattern for word mistranslate: s3lat

2019-07-08 14:59:15 [debug]: Pattern for word mistranslate: 2st.

2019-07-08 14:59:15 [debug]: Pattern for word mistranslate: st4r

2019-07-08 14:59:15 [debug]: Pattern for word mistranslate: 4te.

2019-07-08 14:59:15 [debug]: Pattern for word mistranslate: 1tra

2019-07-08 14:59:15 [success]: Script execution time 0.0090181827545166
2019-07-08 15:01:54 [debug]: Pattern for word mistranslate: .mis1

2019-07-08 15:01:54 [debug]: Pattern for word mistranslate: a2n

2019-07-08 15:01:54 [debug]: Pattern for word mistranslate: 2is.

2019-07-08 15:01:54 [debug]: Pattern for word mistranslate: 5mi.

2019-07-08 15:01:54 [debug]: Pattern for word mistranslate: m2is

2019-07-08 15:01:54 [debug]: Pattern for word mistranslate: 2n1s2

2019-07-08 15:01:54 [debug]: Pattern for word mistranslate: n2sl

2019-07-08 15:01:54 [debug]: Pattern for word mistranslate: s1l2

2019-07-08 15:01:54 [debug]: Pattern for word mistranslate: s3lat

2019-07-08 15:01:54 [debug]: Pattern for word mistranslate: 2st.

2019-07-08 15:01:54 [debug]: Pattern for word mistranslate: st4r

2019-07-08 15:01:54 [debug]: Pattern for word mistranslate: 4te.

2019-07-08 15:01:54 [debug]: Pattern for word mistranslate: 1tra

2019-07-08 15:01:54 [success]: Script execution time 0.0090248584747314
2019-07-08 15:02:01 [debug]: Pattern for word mistranslate: .mis1

2019-07-08 15:02:01 [debug]: Pattern for word mistranslate: a2n

2019-07-08 15:02:01 [debug]: Pattern for word mistranslate: 2is.

2019-07-08 15:02:01 [debug]: Pattern for word mistranslate: 5mi.

2019-07-08 15:02:01 [debug]: Pattern for word mistranslate: m2is

2019-07-08 15:02:01 [debug]: Pattern for word mistranslate: 2n1s2

2019-07-08 15:02:01 [debug]: Pattern for word mistranslate: n2sl

2019-07-08 15:02:01 [debug]: Pattern for word mistranslate: s1l2

2019-07-08 15:02:01 [debug]: Pattern for word mistranslate: s3lat

2019-07-08 15:02:01 [debug]: Pattern for word mistranslate: 2st.

2019-07-08 15:02:01 [debug]: Pattern for word mistranslate: st4r

2019-07-08 15:02:01 [debug]: Pattern for word mistranslate: 4te.

2019-07-08 15:02:01 [debug]: Pattern for word mistranslate: 1tra

2019-07-08 15:02:01 [success]: Script execution time 0.0081980228424072
2019-07-08 15:40:51 [success]: Script execution time 0.0017280578613281
2019-07-08 15:40:51 [warning]: Logger level NONE does not exist.
