2019-07-26 08:57:40 [success]: Result: Test-ing new fea-ture
2019-07-26 08:57:40 [info]: Script execution time 0.077622890472412 seconds.
2019-07-26 08:57:40 [info]: Script used 2 mb of memory.
2019-07-26 08:58:12 [success]: Result: Some ex-ten-sion-s does not work prop-er-ly
2019-07-26 08:58:12 [info]: Script execution time 0.21494197845459 seconds.
2019-07-26 08:58:12 [info]: Script used 2 mb of memory.
2019-07-26 09:27:46 [info]: Script execution time 0.012030124664307 seconds.
2019-07-26 09:27:46 [info]: Script used 4 mb of memory.
2019-07-26 09:41:09 [error]: json_decode() expects parameter 1 to be string, boolean given
2019-07-26 09:41:44 [error]: json_decode() expects parameter 1 to be string, boolean given
2019-07-26 09:41:44 [info]: Script execution time 0.0047998428344727 seconds.
2019-07-26 09:41:44 [info]: Script used 2 mb of memory.
2019-07-26 09:42:05 [success]: Result: Some ex-ten-sion-s does not work prop-er-ly
2019-07-26 09:42:05 [info]: Script execution time 0.0069150924682617 seconds.
2019-07-26 09:42:05 [info]: Script used 2 mb of memory.
2019-07-26 09:42:09 [success]: Result: Some ex-ten-sion-s does not work prop-er-ly
2019-07-26 09:42:09 [info]: Script execution time 0.0057690143585205 seconds.
2019-07-26 09:42:09 [info]: Script used 2 mb of memory.
2019-07-26 09:42:21 [success]: Result: new con-fig file is prop-er
2019-07-26 09:42:21 [info]: Script execution time 0.12619614601135 seconds.
2019-07-26 09:42:21 [info]: Script used 4 mb of memory.
2019-07-26 09:44:22 [success]: Result: new con-fig file is prop-er
2019-07-26 09:44:22 [info]: Script execution time 0.006162166595459 seconds.
2019-07-26 09:44:22 [info]: Script used 2 mb of memory.
2019-07-26 09:55:55 [success]: Result: new con-fig file is prop-er
2019-07-26 09:55:55 [info]: Script execution time 0.0058209896087646 seconds.
2019-07-26 09:55:55 [info]: Script used 2 mb of memory.
2019-07-26 09:55:57 [success]: Result: new con-fig file is prop-er
2019-07-26 09:55:57 [info]: Script execution time 0.0059299468994141 seconds.
2019-07-26 09:55:57 [info]: Script used 2 mb of memory.
2019-07-26 09:56:55 [success]: Result: Unit Test-ing is the best way to test my code on fail-ure
2019-07-26 09:56:55 [info]: Script execution time 0.25245499610901 seconds.
2019-07-26 09:56:55 [info]: Script used 2 mb of memory.
2019-07-26 11:01:33 [error]: Access to undeclared static property: Core\Application::$excludeActions
2019-07-26 11:01:33 [info]: Script execution time 0.0045008659362793 seconds.
2019-07-26 11:01:33 [info]: Script used 10 mb of memory.
2019-07-26 11:29:49 [error]: Usage: php bin/bin/startup [flag] [target]
2019-07-26 11:29:49 [info]: Script execution time 0.00478196144104 seconds.
2019-07-26 11:29:49 [info]: Script used 2 mb of memory.
2019-07-26 13:25:56 [error]: Usage: php bin/bin/startup [flag] [target]
2019-07-26 13:25:56 [info]: Script execution time 0.0037620067596436 seconds.
2019-07-26 13:25:56 [info]: Script used 2 mb of memory.
2019-07-26 13:26:00 [success]: Result: a-bil-i-ty
2019-07-26 13:26:00 [info]: Script execution time 0.0066320896148682 seconds.
2019-07-26 13:26:00 [info]: Script used 2 mb of memory.
2019-07-26 13:26:08 [error]: Call to undefined method NXT\Core\Cache\Cache::hyphenate()
2019-07-26 13:26:08 [info]: Script execution time 0.0043909549713135 seconds.
2019-07-26 13:26:08 [info]: Script used 2 mb of memory.
2019-07-26 13:26:22 [error]: Call to undefined method NXT\Core\Cache\Cache::hyphenate()
2019-07-26 13:26:22 [info]: Script execution time 0.0039088726043701 seconds.
2019-07-26 13:26:22 [info]: Script used 2 mb of memory.
2019-07-26 13:26:23 [error]: Call to undefined method NXT\Core\Cache\Cache::hyphenate()
2019-07-26 13:26:23 [info]: Script execution time 0.004594087600708 seconds.
2019-07-26 13:26:23 [info]: Script used 2 mb of memory.
2019-07-26 13:26:37 [error]: Call to undefined method NXT\Core\Database\Import::hyphenate()
2019-07-26 13:26:37 [info]: Script execution time 0.0047087669372559 seconds.
2019-07-26 13:26:37 [info]: Script used 2 mb of memory.
2019-07-26 13:26:39 [error]: Call to undefined method NXT\Core\Database\Import::hyphenate()
2019-07-26 13:26:39 [info]: Script execution time 0.0052111148834229 seconds.
2019-07-26 13:26:39 [info]: Script used 2 mb of memory.
2019-07-26 13:27:05 [error]: Call to undefined method NXT\Core\Database\Import::hyphenate()
2019-07-26 13:27:05 [info]: Script execution time 0.0046770572662354 seconds.
2019-07-26 13:27:05 [info]: Script used 2 mb of memory.
2019-07-26 13:27:06 [error]: Call to undefined method NXT\Core\Database\Import::hyphenate()
2019-07-26 13:27:06 [info]: Script execution time 0.0046780109405518 seconds.
2019-07-26 13:27:06 [info]: Script used 2 mb of memory.
2019-07-26 13:27:12 [error]: Call to undefined method NXT\Core\Database\Import::hyphenate()
2019-07-26 13:27:12 [info]: Script execution time 0.0074460506439209 seconds.
2019-07-26 13:27:12 [info]: Script used 2 mb of memory.
2019-07-26 13:27:13 [error]: Call to undefined method NXT\Core\Database\Import::hyphenate()
2019-07-26 13:27:13 [info]: Script execution time 0.0045831203460693 seconds.
2019-07-26 13:27:13 [info]: Script used 2 mb of memory.
2019-07-26 13:27:31 [error]: Call to undefined method NXT\Core\Database\Import::hyphenate()
2019-07-26 13:27:31 [info]: Script execution time 0.0047571659088135 seconds.
2019-07-26 13:27:31 [info]: Script used 2 mb of memory.
2019-07-26 13:27:47 [error]: Call to undefined method NXT\Core\Database\Import::hyphenate()
2019-07-26 13:27:47 [info]: Script execution time 0.0053038597106934 seconds.
2019-07-26 13:27:47 [info]: Script used 2 mb of memory.
2019-07-26 13:29:23 [success]: Result: a-bil-i-ty
2019-07-26 13:29:23 [info]: Script execution time 0.0061440467834473 seconds.
2019-07-26 13:29:23 [info]: Script used 2 mb of memory.
2019-07-26 13:29:34 [success]: 
2019-07-26 13:29:34 [info]: Script execution time 0.0058581829071045 seconds.
2019-07-26 13:29:34 [info]: Script used 2 mb of memory.
2019-07-26 13:29:57 [success]: 
2019-07-26 13:29:57 [info]: Script execution time 0.0063509941101074 seconds.
2019-07-26 13:29:57 [info]: Script used 2 mb of memory.
2019-07-26 13:29:59 [success]: 
2019-07-26 13:29:59 [info]: Script execution time 0.0057728290557861 seconds.
2019-07-26 13:29:59 [info]: Script used 2 mb of memory.
2019-07-26 13:30:11 [success]: Patterns successfully imported from tex-hyphenation-patterns.txt
2019-07-26 13:30:11 [info]: Script execution time 0.62827610969543 seconds.
2019-07-26 13:30:11 [info]: Script used 4 mb of memory.
2019-07-26 13:30:22 [success]: Cache successfully cleared.
2019-07-26 13:30:22 [info]: Script execution time 0.0068669319152832 seconds.
2019-07-26 13:30:22 [info]: Script used 2 mb of memory.
2019-07-26 13:30:24 [success]: 
2019-07-26 13:30:24 [info]: Script execution time 0.0060970783233643 seconds.
2019-07-26 13:30:24 [info]: Script used 2 mb of memory.
2019-07-26 13:30:50 [success]: 
2019-07-26 13:30:50 [info]: Script execution time 0.0055789947509766 seconds.
2019-07-26 13:30:50 [info]: Script used 2 mb of memory.
2019-07-26 13:31:15 [success]: 
2019-07-26 13:31:15 [info]: Script execution time 0.0058741569519043 seconds.
2019-07-26 13:31:15 [info]: Script used 2 mb of memory.
2019-07-26 13:31:18 [success]: Cache successfully cleared.
2019-07-26 13:31:18 [info]: Script execution time 0.0053529739379883 seconds.
2019-07-26 13:31:18 [info]: Script used 2 mb of memory.
2019-07-26 13:31:19 [success]: 
2019-07-26 13:31:19 [info]: Script execution time 0.0083889961242676 seconds.
2019-07-26 13:31:19 [info]: Script used 2 mb of memory.
2019-07-26 13:31:20 [success]: Cache successfully cleared.
2019-07-26 13:31:20 [info]: Script execution time 0.0049140453338623 seconds.
2019-07-26 13:31:20 [info]: Script used 2 mb of memory.
2019-07-26 13:31:46 [success]: 
2019-07-26 13:31:46 [info]: Script execution time 0.0058879852294922 seconds.
2019-07-26 13:31:46 [info]: Script used 2 mb of memory.
2019-07-26 13:31:48 [success]: Cache successfully cleared.
2019-07-26 13:31:48 [info]: Script execution time 0.0050230026245117 seconds.
2019-07-26 13:31:48 [info]: Script used 2 mb of memory.
2019-07-26 13:31:48 [success]: 
2019-07-26 13:31:48 [info]: Script execution time 0.006289005279541 seconds.
2019-07-26 13:31:48 [info]: Script used 2 mb of memory.
2019-07-26 13:31:49 [success]: Cache successfully cleared.
2019-07-26 13:31:49 [info]: Script execution time 0.0057311058044434 seconds.
2019-07-26 13:31:49 [info]: Script used 2 mb of memory.
2019-07-26 13:31:59 [success]: Cache successfully cleared.
2019-07-26 13:31:59 [info]: Script execution time 0.005640983581543 seconds.
2019-07-26 13:31:59 [info]: Script used 2 mb of memory.
2019-07-26 13:32:01 [success]: 
2019-07-26 13:32:01 [info]: Script execution time 0.0060110092163086 seconds.
2019-07-26 13:32:01 [info]: Script used 2 mb of memory.
2019-07-26 13:32:02 [success]: Cache successfully cleared.
2019-07-26 13:32:02 [info]: Script execution time 0.0058751106262207 seconds.
2019-07-26 13:32:02 [info]: Script used 2 mb of memory.
2019-07-26 13:32:04 [success]: 
2019-07-26 13:32:04 [info]: Script execution time 0.0059900283813477 seconds.
2019-07-26 13:32:04 [info]: Script used 2 mb of memory.
2019-07-26 13:32:05 [success]: Cache successfully cleared.
2019-07-26 13:32:05 [info]: Script execution time 0.0051708221435547 seconds.
2019-07-26 13:32:05 [info]: Script used 2 mb of memory.
2019-07-26 13:32:21 [success]: 
2019-07-26 13:32:21 [info]: Script execution time 0.0080211162567139 seconds.
2019-07-26 13:32:21 [info]: Script used 2 mb of memory.
2019-07-26 13:32:24 [success]: Cache successfully cleared.
2019-07-26 13:32:24 [info]: Script execution time 0.0051448345184326 seconds.
2019-07-26 13:32:24 [info]: Script used 2 mb of memory.
2019-07-26 13:32:39 [success]: 
2019-07-26 13:32:39 [info]: Script execution time 0.0070300102233887 seconds.
2019-07-26 13:32:39 [info]: Script used 2 mb of memory.
2019-07-26 13:32:41 [success]: Cache successfully cleared.
2019-07-26 13:32:41 [info]: Script execution time 0.005073070526123 seconds.
2019-07-26 13:32:41 [info]: Script used 2 mb of memory.
2019-07-26 13:32:55 [success]: Result: a-bil-i-ty is thrown
2019-07-26 13:32:55 [info]: Script execution time 0.12123394012451 seconds.
2019-07-26 13:32:55 [info]: Script used 4 mb of memory.
2019-07-26 13:32:57 [success]: Cache successfully cleared.
2019-07-26 13:32:57 [info]: Script execution time 0.0051751136779785 seconds.
2019-07-26 13:32:57 [info]: Script used 2 mb of memory.
2019-07-26 13:33:11 [success]: Patterns successfully imported from tex-hyphenation-patterns.txt
2019-07-26 13:33:11 [info]: Script execution time 0.6344268321991 seconds.
2019-07-26 13:33:11 [info]: Script used 4 mb of memory.
2019-07-26 13:34:09 [success]: Patterns successfully imported from tex-hyphenation-patterns.txt
2019-07-26 13:34:09 [info]: Script execution time 0.62696194648743 seconds.
2019-07-26 13:34:09 [info]: Script used 4 mb of memory.
2019-07-26 13:34:27 [success]: Cache successfully cleared.
2019-07-26 13:34:27 [info]: Script execution time 0.0053579807281494 seconds.
2019-07-26 13:34:27 [info]: Script used 2 mb of memory.
2019-07-26 13:34:35 [success]: Patterns successfully imported from tex-hyphenation-patterns.txt
2019-07-26 13:34:35 [info]: Script execution time 0.63452100753784 seconds.
2019-07-26 13:34:35 [info]: Script used 4 mb of memory.
2019-07-26 13:34:38 [success]: Cache successfully cleared.
2019-07-26 13:34:38 [info]: Script execution time 0.0052728652954102 seconds.
2019-07-26 13:34:38 [info]: Script used 2 mb of memory.
2019-07-26 13:48:36 [error]: Usage: php bin/bin/startup [flag] [target]
2019-07-26 13:48:36 [info]: Script execution time 0.003464937210083 seconds.
2019-07-26 13:48:36 [info]: Script used 2 mb of memory.
2019-07-26 13:48:41 [success]: Result: test-ing
2019-07-26 13:48:41 [info]: Script execution time 0.04788613319397 seconds.
2019-07-26 13:48:41 [info]: Script used 4 mb of memory.
2019-07-26 13:48:50 [success]: Result: Im test-ing new fea-ture, so lets check- it
2019-07-26 13:48:50 [info]: Script execution time 0.24524688720703 seconds.
2019-07-26 13:48:50 [info]: Script used 4 mb of memory.
2019-07-26 13:48:53 [success]: Result: Im test-ing new fea-ture, so lets check- it
2019-07-26 13:48:53 [info]: Script execution time 0.0078361034393311 seconds.
2019-07-26 13:48:53 [info]: Script used 2 mb of memory.
2019-07-26 13:48:59 [success]: Cache successfully cleared.
2019-07-26 13:48:59 [info]: Script execution time 0.0057089328765869 seconds.
2019-07-26 13:48:59 [info]: Script used 2 mb of memory.
2019-07-26 13:54:55 [success]: Cache successfully cleared.
2019-07-26 13:54:55 [info]: Script execution time 0.0056579113006592 seconds.
2019-07-26 13:54:55 [info]: Script used 2 mb of memory.
2019-07-26 14:08:23 [success]: Result: mis-trans-late
2019-07-26 14:08:23 [info]: Script execution time 0.0070459842681885 seconds.
2019-07-26 14:08:23 [info]: Script used 2 mb of memory.
2019-07-26 14:08:30 [success]: Result: mist-aped
2019-07-26 14:08:30 [info]: Script execution time 0.054103851318359 seconds.
2019-07-26 14:08:30 [info]: Script used 4 mb of memory.
2019-07-26 14:08:34 [success]: Result: mis-staped
2019-07-26 14:08:34 [info]: Script execution time 0.047651052474976 seconds.
2019-07-26 14:08:34 [info]: Script used 4 mb of memory.
2019-07-26 14:08:43 [success]: Result: flipped
2019-07-26 14:08:43 [info]: Script execution time 0.048770904541016 seconds.
2019-07-26 14:08:43 [info]: Script used 4 mb of memory.
2019-07-26 14:08:46 [success]: Result: kicked
2019-07-26 14:08:46 [info]: Script execution time 0.046644926071167 seconds.
2019-07-26 14:08:46 [info]: Script used 4 mb of memory.
2019-07-26 14:08:50 [success]: Result: leav-ing
2019-07-26 14:08:50 [info]: Script execution time 0.047624826431274 seconds.
2019-07-26 14:08:50 [info]: Script used 4 mb of memory.
2019-07-26 14:08:56 [success]: Result: leav-ing
2019-07-26 14:08:56 [info]: Script execution time 0.0066478252410889 seconds.
2019-07-26 14:08:56 [info]: Script used 2 mb of memory.
2019-07-26 14:08:57 [success]: Result: leav-ing
2019-07-26 14:08:57 [info]: Script execution time 0.0083370208740234 seconds.
2019-07-26 14:08:57 [info]: Script used 2 mb of memory.
2019-07-26 14:09:02 [success]: Cache successfully cleared.
2019-07-26 14:09:02 [info]: Script execution time 0.0066328048706055 seconds.
2019-07-26 14:09:02 [info]: Script used 2 mb of memory.
2019-07-26 14:09:03 [success]: Result: leav-ing
2019-07-26 14:09:03 [info]: Script execution time 0.0065360069274902 seconds.
2019-07-26 14:09:03 [info]: Script used 2 mb of memory.
2019-07-26 14:11:55 [success]: Result: leav-ing
2019-07-26 14:11:55 [info]: Script execution time 0.0080480575561523 seconds.
2019-07-26 14:11:55 [info]: Script used 2 mb of memory.
2019-07-26 14:12:11 [success]: Result: leav-ing
2019-07-26 14:12:11 [info]: Script execution time 0.0087389945983887 seconds.
2019-07-26 14:12:11 [info]: Script used 2 mb of memory.
2019-07-26 14:12:59 [success]: Result: leav-ing
2019-07-26 14:12:59 [info]: Script execution time 0.0057048797607422 seconds.
2019-07-26 14:12:59 [info]: Script used 2 mb of memory.
2019-07-26 14:13:09 [success]: Cache successfully cleared.
2019-07-26 14:13:09 [info]: Script execution time 0.0054759979248047 seconds.
2019-07-26 14:13:09 [info]: Script used 2 mb of memory.
2019-07-26 14:13:10 [error]: Too few arguments to function NXT\Models\Word::find(), 0 passed in /home/aleksandr/PhpstormProjects/visma-internship/app/Algorithms/Proxy.php on line 39 and exactly 1 expected
2019-07-26 14:13:10 [info]: Script execution time 0.0062830448150635 seconds.
2019-07-26 14:13:10 [info]: Script used 2 mb of memory.
2019-07-26 14:13:26 [success]: Result: leav-ing
2019-07-26 14:13:26 [info]: Script execution time 0.0069320201873779 seconds.
2019-07-26 14:13:26 [info]: Script used 2 mb of memory.
2019-07-26 14:13:28 [success]: Cache successfully cleared.
2019-07-26 14:13:28 [info]: Script execution time 0.0051789283752441 seconds.
2019-07-26 14:13:28 [info]: Script used 2 mb of memory.
2019-07-26 14:13:29 [success]: Result: leav-ing
2019-07-26 14:13:29 [info]: Script execution time 0.0072019100189209 seconds.
2019-07-26 14:13:29 [info]: Script used 2 mb of memory.
2019-07-26 14:13:32 [error]: Too few arguments to function NXT\Models\Pattern::find(), 0 passed in /home/aleksandr/PhpstormProjects/visma-internship/app/Controllers/PatternController.php on line 33 and exactly 1 expected
2019-07-26 14:13:32 [error]: Too few arguments to function NXT\Models\Pattern::find(), 0 passed in /home/aleksandr/PhpstormProjects/visma-internship/app/Controllers/PatternController.php on line 33 and exactly 1 expected
2019-07-26 14:27:54 [success]: Patterns successfully imported from tex-hyphenation-patterns.txt
2019-07-26 14:27:54 [info]: Script execution time 0.65093922615051 seconds.
2019-07-26 14:27:54 [info]: Script used 4 mb of memory.
2019-07-26 15:01:07 [success]: Patterns successfully imported from tex-hyphenation-patterns.txt
2019-07-26 15:01:07 [info]: Script execution time 0.64737892150879 seconds.
2019-07-26 15:01:07 [info]: Script used 4 mb of memory.
2019-07-26 15:14:56 [success]: Result: mis-trans-late
2019-07-26 15:14:56 [info]: Script execution time 0.049386024475098 seconds.
2019-07-26 15:14:56 [info]: Script used 4 mb of memory.
2019-07-26 15:25:49 [success]: Result: Try-ing to catch fail-ures while test-ing my al-go-rith-m
2019-07-26 15:25:49 [info]: Script execution time 0.28535413742065 seconds.
2019-07-26 15:25:49 [info]: Script used 4 mb of memory.
2019-07-26 15:36:00 [success]: Cache successfully cleared.
2019-07-26 15:36:00 [info]: Script execution time 0.006234884262085 seconds.
2019-07-26 15:36:00 [info]: Script used 2 mb of memory.
2019-07-26 15:51:38 [success]: Cache successfully cleared.
2019-07-26 15:51:38 [info]: Script execution time 0.0051510334014893 seconds.
2019-07-26 15:51:38 [info]: Script used 2 mb of memory.
2019-07-26 15:53:24 [success]: Cache successfully cleared.
2019-07-26 15:53:24 [info]: Script execution time 0.0057201385498047 seconds.
2019-07-26 15:53:24 [info]: Script used 2 mb of memory.
2019-07-26 15:53:28 [success]: Cache successfully cleared.
2019-07-26 15:53:28 [info]: Script execution time 0.0067908763885498 seconds.
2019-07-26 15:53:28 [info]: Script used 2 mb of memory.
2019-07-26 15:56:05 [success]: Cache successfully cleared.
2019-07-26 15:56:05 [info]: Script execution time 0.0055539608001709 seconds.
2019-07-26 15:56:05 [info]: Script used 2 mb of memory.
2019-07-26 16:28:15 [success]: Cache successfully cleared.
2019-07-26 16:28:15 [info]: Script execution time 0.0055389404296875 seconds.
2019-07-26 16:28:15 [info]: Script used 2 mb of memory.
2019-07-26 16:28:26 [success]: Cache successfully cleared.
2019-07-26 16:28:26 [info]: Script execution time 0.0064961910247803 seconds.
2019-07-26 16:28:26 [info]: Script used 2 mb of memory.
2019-07-26 16:29:22 [success]: Cache successfully cleared.
2019-07-26 16:29:22 [info]: Script execution time 0.0055530071258545 seconds.
2019-07-26 16:29:22 [info]: Script used 2 mb of memory.
2019-07-26 16:29:27 [success]: Result: mis-trans-late
2019-07-26 16:29:27 [info]: Script execution time 0.054577112197876 seconds.
2019-07-26 16:29:27 [info]: Script used 4 mb of memory.
2019-07-26 16:29:28 [success]: Cache successfully cleared.
2019-07-26 16:29:28 [info]: Script execution time 0.0055420398712158 seconds.
2019-07-26 16:29:28 [info]: Script used 2 mb of memory.
2019-07-26 16:29:35 [success]: Cache successfully cleared.
2019-07-26 16:29:35 [info]: Script execution time 0.0050430297851562 seconds.
2019-07-26 16:29:35 [info]: Script used 2 mb of memory.
2019-07-26 16:29:40 [success]: Cache successfully cleared.
2019-07-26 16:29:40 [info]: Script execution time 0.0054550170898438 seconds.
2019-07-26 16:29:40 [info]: Script used 2 mb of memory.
2019-07-26 16:30:40 [success]: Cache successfully cleared.
2019-07-26 16:30:40 [info]: Script execution time 0.0055038928985596 seconds.
2019-07-26 16:30:40 [info]: Script used 2 mb of memory.
2019-07-26 16:34:47 [success]: Cache successfully cleared.
2019-07-26 16:34:47 [info]: Script execution time 0.0057401657104492 seconds.
2019-07-26 16:34:47 [info]: Script used 2 mb of memory.
2019-07-26 16:35:32 [success]: Cache successfully cleared.
2019-07-26 16:35:32 [info]: Script execution time 0.00531005859375 seconds.
2019-07-26 16:35:32 [info]: Script used 2 mb of memory.
2019-07-26 16:35:43 [success]: Cache successfully cleared.
2019-07-26 16:35:43 [info]: Script execution time 0.0055670738220215 seconds.
2019-07-26 16:35:43 [info]: Script used 2 mb of memory.
2019-07-26 16:36:40 [success]: Cache successfully cleared.
2019-07-26 16:36:40 [info]: Script execution time 0.0055019855499268 seconds.
2019-07-26 16:36:40 [info]: Script used 2 mb of memory.
2019-07-26 16:36:43 [success]: Cache successfully cleared.
2019-07-26 16:36:43 [info]: Script execution time 0.0054681301116943 seconds.
2019-07-26 16:36:43 [info]: Script used 2 mb of memory.
2019-07-26 16:36:44 [success]: Cache successfully cleared.
2019-07-26 16:36:44 [info]: Script execution time 0.0054569244384766 seconds.
2019-07-26 16:36:44 [info]: Script used 2 mb of memory.
2019-07-26 16:36:46 [success]: Cache successfully cleared.
2019-07-26 16:36:46 [info]: Script execution time 0.0057840347290039 seconds.
2019-07-26 16:36:46 [info]: Script used 2 mb of memory.
2019-07-26 16:36:48 [success]: Cache successfully cleared.
2019-07-26 16:36:48 [info]: Script execution time 0.0057148933410645 seconds.
2019-07-26 16:36:48 [info]: Script used 2 mb of memory.
2019-07-26 16:39:21 [success]: Cache successfully cleared.
2019-07-26 16:39:21 [info]: Script execution time 0.0057711601257324 seconds.
2019-07-26 16:39:21 [info]: Script used 2 mb of memory.
2019-07-26 16:42:15 [success]: Patterns successfully imported from tex-hyphenation-patterns.txt
2019-07-26 16:42:15 [info]: Script execution time 0.60726308822632 seconds.
2019-07-26 16:42:15 [info]: Script used 4 mb of memory.
2019-07-26 16:42:22 [success]: Result: mis-trans-late
2019-07-26 16:42:22 [info]: Script execution time 0.048962116241455 seconds.
2019-07-26 16:42:22 [info]: Script used 4 mb of memory.
2019-07-26 16:43:16 [success]: Cache successfully cleared.
2019-07-26 16:43:16 [info]: Script execution time 0.0054910182952881 seconds.
2019-07-26 16:43:16 [info]: Script used 2 mb of memory.
2019-07-26 16:53:44 [success]: Cache successfully cleared.
2019-07-26 16:53:44 [info]: Script execution time 0.0055902004241943 seconds.
2019-07-26 16:53:44 [info]: Script used 2 mb of memory.
2019-07-26 16:53:56 [success]: Cache successfully cleared.
2019-07-26 16:53:56 [info]: Script execution time 0.0056979656219482 seconds.
2019-07-26 16:53:56 [info]: Script used 2 mb of memory.
2019-07-26 16:56:39 [success]: Cache successfully cleared.
2019-07-26 16:56:39 [info]: Script execution time 0.0053169727325439 seconds.
2019-07-26 16:56:39 [info]: Script used 2 mb of memory.
2019-07-26 16:57:35 [success]: Cache successfully cleared.
2019-07-26 16:57:35 [info]: Script execution time 0.0054149627685547 seconds.
2019-07-26 16:57:35 [info]: Script used 2 mb of memory.
2019-07-26 16:57:54 [success]: Cache successfully cleared.
2019-07-26 16:57:54 [info]: Script execution time 0.006213903427124 seconds.
2019-07-26 16:57:54 [info]: Script used 2 mb of memory.
2019-07-26 16:58:24 [success]: Cache successfully cleared.
2019-07-26 16:58:24 [info]: Script execution time 0.0054419040679932 seconds.
2019-07-26 16:58:24 [info]: Script used 2 mb of memory.
2019-07-26 16:58:43 [success]: Cache successfully cleared.
2019-07-26 16:58:43 [info]: Script execution time 0.0055570602416992 seconds.
2019-07-26 16:58:43 [info]: Script used 2 mb of memory.
2019-07-26 16:59:09 [success]: Cache successfully cleared.
2019-07-26 16:59:09 [info]: Script execution time 0.0052869319915771 seconds.
2019-07-26 16:59:09 [info]: Script used 2 mb of memory.
2019-07-26 17:00:10 [success]: Cache successfully cleared.
2019-07-26 17:00:10 [info]: Script execution time 0.0061149597167969 seconds.
2019-07-26 17:00:10 [info]: Script used 2 mb of memory.
2019-07-26 17:00:14 [success]: Cache successfully cleared.
2019-07-26 17:00:14 [info]: Script execution time 0.0057370662689209 seconds.
2019-07-26 17:00:14 [info]: Script used 2 mb of memory.
2019-07-26 17:00:35 [success]: Cache successfully cleared.
2019-07-26 17:00:35 [info]: Script execution time 0.0072989463806152 seconds.
2019-07-26 17:00:35 [info]: Script used 2 mb of memory.
2019-07-26 17:01:35 [success]: Cache successfully cleared.
2019-07-26 17:01:35 [info]: Script execution time 0.005469799041748 seconds.
2019-07-26 17:01:35 [info]: Script used 2 mb of memory.
2019-07-26 17:01:51 [success]: Cache successfully cleared.
2019-07-26 17:01:51 [info]: Script execution time 0.0066940784454346 seconds.
2019-07-26 17:01:51 [info]: Script used 2 mb of memory.
2019-07-26 17:02:32 [success]: Cache successfully cleared.
2019-07-26 17:02:32 [info]: Script execution time 0.0053670406341553 seconds.
2019-07-26 17:02:32 [info]: Script used 2 mb of memory.
2019-07-26 17:02:35 [success]: Cache successfully cleared.
2019-07-26 17:02:35 [info]: Script execution time 0.005526065826416 seconds.
2019-07-26 17:02:35 [info]: Script used 2 mb of memory.
2019-07-26 17:02:41 [success]: Result: mis-trans-late
2019-07-26 17:02:41 [info]: Script execution time 0.056576013565063 seconds.
2019-07-26 17:02:41 [info]: Script used 4 mb of memory.
2019-07-26 17:02:42 [success]: Cache successfully cleared.
2019-07-26 17:02:42 [info]: Script execution time 0.0059521198272705 seconds.
2019-07-26 17:02:42 [info]: Script used 2 mb of memory.
2019-07-26 17:03:12 [success]: Result: mistranslate
2019-07-26 17:03:12 [info]: Script execution time 0.014580965042114 seconds.
2019-07-26 17:03:12 [info]: Script used 2 mb of memory.
2019-07-26 17:03:14 [success]: Cache successfully cleared.
2019-07-26 17:03:14 [info]: Script execution time 0.005324125289917 seconds.
2019-07-26 17:03:14 [info]: Script used 2 mb of memory.
2019-07-26 17:03:15 [success]: Result: mistranslate
2019-07-26 17:03:15 [info]: Script execution time 0.0073211193084717 seconds.
2019-07-26 17:03:15 [info]: Script used 2 mb of memory.
2019-07-26 17:03:17 [success]: Cache successfully cleared.
2019-07-26 17:03:17 [info]: Script execution time 0.007422924041748 seconds.
2019-07-26 17:03:17 [info]: Script used 2 mb of memory.
2019-07-26 17:03:25 [success]: Result: mistranslate
2019-07-26 17:03:25 [info]: Script execution time 0.0080618858337402 seconds.
2019-07-26 17:03:25 [info]: Script used 2 mb of memory.
2019-07-26 17:03:35 [success]: Cache successfully cleared.
2019-07-26 17:03:35 [info]: Script execution time 0.0053291320800781 seconds.
2019-07-26 17:03:35 [info]: Script used 2 mb of memory.
2019-07-26 17:03:37 [success]: Cache successfully cleared.
2019-07-26 17:03:37 [info]: Script execution time 0.0053579807281494 seconds.
2019-07-26 17:03:37 [info]: Script used 2 mb of memory.
2019-07-26 17:03:54 [success]: Patterns successfully imported from tex-hyphenation-patterns.txt
2019-07-26 17:03:54 [info]: Script execution time 0.62609887123108 seconds.
2019-07-26 17:03:54 [info]: Script used 4 mb of memory.
2019-07-26 17:04:04 [success]: Result: mis-trans-late
2019-07-26 17:04:04 [info]: Script execution time 0.051307916641235 seconds.
2019-07-26 17:04:04 [info]: Script used 4 mb of memory.
2019-07-26 17:04:06 [success]: Patterns successfully imported from tex-hyphenation-patterns.txt
2019-07-26 17:04:06 [info]: Script execution time 0.62383913993835 seconds.
2019-07-26 17:04:06 [info]: Script used 4 mb of memory.
2019-07-26 17:04:07 [success]: Result: mis-trans-late
2019-07-26 17:04:07 [info]: Script execution time 0.0060579776763916 seconds.
2019-07-26 17:04:07 [info]: Script used 2 mb of memory.
2019-07-26 17:04:10 [success]: Cache successfully cleared.
2019-07-26 17:04:10 [info]: Script execution time 0.0061299800872803 seconds.
2019-07-26 17:04:10 [info]: Script used 2 mb of memory.
2019-07-26 17:04:11 [success]: Result: mis-trans-late
2019-07-26 17:04:11 [info]: Script execution time 0.053180932998657 seconds.
2019-07-26 17:04:11 [info]: Script used 4 mb of memory.
2019-07-26 17:04:28 [success]: Cache successfully cleared.
2019-07-26 17:04:28 [info]: Script execution time 0.005234956741333 seconds.
2019-07-26 17:04:28 [info]: Script used 2 mb of memory.
2019-07-26 17:05:17 [success]: Cache successfully cleared.
2019-07-26 17:05:17 [info]: Script execution time 0.0057539939880371 seconds.
2019-07-26 17:05:17 [info]: Script used 2 mb of memory.
2019-07-26 17:06:16 [success]: Cache successfully cleared.
2019-07-26 17:06:16 [info]: Script execution time 0.0056889057159424 seconds.
2019-07-26 17:06:16 [info]: Script used 2 mb of memory.
2019-07-26 17:06:39 [success]: Patterns successfully imported from tex-hyphenation-patterns.txt
2019-07-26 17:06:39 [info]: Script execution time 0.019606113433838 seconds.
2019-07-26 17:06:39 [info]: Script used 2 mb of memory.
2019-07-26 17:06:56 [success]: Cache successfully cleared.
2019-07-26 17:06:56 [info]: Script execution time 0.0053510665893555 seconds.
2019-07-26 17:06:56 [info]: Script used 2 mb of memory.
2019-07-26 17:06:58 [success]: Patterns successfully imported from tex-hyphenation-patterns.txt
2019-07-26 17:06:58 [info]: Script execution time 0.64572715759277 seconds.
2019-07-26 17:06:58 [info]: Script used 4 mb of memory.
