2019-07-23 08:21:24 [error]: Class Core\Database\Connection does not exist
2019-07-23 08:24:06 [info]: Script execution time 0.016875982284546 seconds.
2019-07-23 08:24:06 [info]: Script used 2 mb of memory.
2019-07-23 08:24:10 [success]: Cache cleared.
2019-07-23 08:24:10 [info]: Script execution time 0.0067989826202393 seconds.
2019-07-23 08:24:10 [info]: Script used 2 mb of memory.
2019-07-23 08:24:42 [info]: Pattern 2ce. used for word overprice
2019-07-23 08:24:42 [info]: Pattern pr2 used for word overprice
2019-07-23 08:24:42 [info]: Pattern r1p used for word overprice
2019-07-23 08:24:42 [info]: Pattern r4ice used for word overprice
2019-07-23 08:24:42 [info]: Script execution time 0.043640851974487 seconds.
2019-07-23 08:24:42 [info]: Script used 4 mb of memory.
2019-07-23 08:25:01 [info]: Script execution time 0.0042290687561035 seconds.
2019-07-23 08:25:01 [info]: Script used 2 mb of memory.
2019-07-23 08:25:07 [notice]: Patterns would be loaded from tex-hyphenation-patterns.txt!
2019-07-23 08:25:07 [info]: Script execution time 0.020841836929321 seconds.
2019-07-23 08:25:07 [info]: Script used 2 mb of memory.
2019-07-23 08:25:10 [notice]: Patterns would be loaded from tex-hyphenation-patterns.txt!
2019-07-23 08:25:10 [info]: Script execution time 0.017416000366211 seconds.
2019-07-23 08:25:10 [info]: Script used 2 mb of memory.
2019-07-23 08:25:24 [notice]: Patterns would be loaded from tex-hyphenation-patterns.txt!
2019-07-23 08:25:24 [info]: Script execution time 0.024228096008301 seconds.
2019-07-23 08:25:24 [info]: Script used 2 mb of memory.
2019-07-23 08:25:29 [success]: You changed script's source to 'file'
2019-07-23 08:25:29 [info]: Script execution time 0.0058090686798096 seconds.
2019-07-23 08:25:29 [info]: Script used 2 mb of memory.
2019-07-23 08:25:30 [notice]: Patterns would be loaded from tex-hyphenation-patterns.txt!
2019-07-23 08:25:30 [info]: Script execution time 0.01811408996582 seconds.
2019-07-23 08:25:30 [info]: Script used 2 mb of memory.
2019-07-23 08:25:33 [success]: You changed script's source to 'database'
2019-07-23 08:25:33 [info]: Script execution time 0.0057871341705322 seconds.
2019-07-23 08:25:33 [info]: Script used 2 mb of memory.
2019-07-23 08:25:34 [notice]: Patterns would be loaded from tex-hyphenation-patterns.txt!
2019-07-23 08:25:34 [info]: Script execution time 0.019723892211914 seconds.
2019-07-23 08:25:34 [info]: Script used 2 mb of memory.
2019-07-23 08:27:23 [notice]: Patterns would be loaded from tex-hyphenation-patterns.txt!
2019-07-23 08:27:24 [info]: Script execution time 0.65251517295837 seconds.
2019-07-23 08:27:24 [info]: Script used 2 mb of memory.
2019-07-23 08:27:29 [info]: Pattern 1ty used for word kitty
2019-07-23 08:27:29 [info]: Pattern 4itt used for word kitty
2019-07-23 08:27:29 [info]: Pattern 4t3t2 used for word kitty
2019-07-23 08:27:29 [info]: Pattern k1i used for word kitty
2019-07-23 08:27:29 [info]: Script execution time 0.036335945129395 seconds.
2019-07-23 08:27:29 [info]: Script used 4 mb of memory.
2019-07-23 08:27:49 [info]: Pattern 1wo2 used for word worldwide
2019-07-23 08:27:49 [info]: Pattern 2de. used for word worldwide
2019-07-23 08:27:49 [info]: Pattern 2id used for word worldwide
2019-07-23 08:27:49 [info]: Pattern 2ld used for word worldwide
2019-07-23 08:27:49 [info]: Pattern d1w used for word worldwide
2019-07-23 08:27:49 [info]: Pattern r1l used for word worldwide
2019-07-23 08:27:49 [info]: Pattern wi2 used for word worldwide
2019-07-23 08:27:49 [info]: Script execution time 0.039913892745972 seconds.
2019-07-23 08:27:49 [info]: Script used 4 mb of memory.
2019-07-23 08:28:44 [info]: Pattern tw4 used for word network
2019-07-23 08:28:44 [info]: Pattern 4two used for word network
2019-07-23 08:28:44 [info]: Pattern 1wo2 used for word network
2019-07-23 08:28:44 [info]: Script execution time 0.030255079269409 seconds.
2019-07-23 08:28:44 [info]: Script used 2 mb of memory.
2019-07-23 08:58:51 [info]: Pattern ev1er used for word forever
2019-07-23 08:58:51 [info]: Pattern 1fo used for word forever
2019-07-23 08:58:51 [info]: Pattern fo2r used for word forever
2019-07-23 08:58:51 [info]: Pattern rev2 used for word forever
2019-07-23 08:58:51 [info]: Pattern r5ev5er. used for word forever
2019-07-23 08:58:51 [info]: Script execution time 0.033058166503906 seconds.
2019-07-23 08:58:51 [info]: Script used 2 mb of memory.
2019-07-23 08:58:53 [info]: Script execution time 0.0038900375366211 seconds.
2019-07-23 08:58:53 [info]: Script used 2 mb of memory.
2019-07-23 08:58:59 [info]: Pattern .mis1 used for word mistranslate
2019-07-23 08:58:59 [info]: Pattern a2n used for word mistranslate
2019-07-23 08:58:59 [info]: Pattern m2is used for word mistranslate
2019-07-23 08:58:59 [info]: Pattern 2n1s2 used for word mistranslate
2019-07-23 08:58:59 [info]: Pattern n2sl used for word mistranslate
2019-07-23 08:58:59 [info]: Pattern s1l2 used for word mistranslate
2019-07-23 08:58:59 [info]: Pattern s3lat used for word mistranslate
2019-07-23 08:58:59 [info]: Pattern st4r used for word mistranslate
2019-07-23 08:58:59 [info]: Pattern 4te. used for word mistranslate
2019-07-23 08:58:59 [info]: Pattern 1tra used for word mistranslate
2019-07-23 08:58:59 [info]: Script execution time 0.034157991409302 seconds.
2019-07-23 08:58:59 [info]: Script used 2 mb of memory.
2019-07-23 08:59:01 [info]: Script execution time 0.0040791034698486 seconds.
2019-07-23 08:59:01 [info]: Script used 2 mb of memory.
2019-07-23 08:59:03 [info]: Script execution time 0.0038130283355713 seconds.
2019-07-23 08:59:03 [info]: Script used 2 mb of memory.
2019-07-23 08:59:07 [info]: Pattern a2d used for word bad
2019-07-23 08:59:07 [info]: Script execution time 0.029736995697021 seconds.
2019-07-23 08:59:07 [info]: Script used 2 mb of memory.
2019-07-23 08:59:08 [info]: Script execution time 0.0038578510284424 seconds.
2019-07-23 08:59:08 [info]: Script used 2 mb of memory.
2019-07-23 08:59:09 [info]: Script execution time 0.004133939743042 seconds.
2019-07-23 08:59:09 [info]: Script used 2 mb of memory.
2019-07-23 08:59:16 [success]: You changed script's source to 'file'
2019-07-23 08:59:16 [info]: Script execution time 0.0059599876403809 seconds.
2019-07-23 08:59:16 [info]: Script used 2 mb of memory.
2019-07-23 08:59:22 [info]: Script execution time 0.020885944366455 seconds.
2019-07-23 08:59:22 [info]: Script used 2 mb of memory.
2019-07-23 08:59:23 [info]: Script execution time 0.0040850639343262 seconds.
2019-07-23 08:59:23 [info]: Script used 2 mb of memory.
2019-07-23 08:59:27 [success]: You changed script's source to 'database'
2019-07-23 08:59:27 [info]: Script execution time 0.0061969757080078 seconds.
2019-07-23 08:59:27 [info]: Script used 2 mb of memory.
2019-07-23 10:23:53 [error]: Class Core\Scans\Interfaces\ScanInterface is not instantiable
2019-07-23 10:24:16 [error]: Class Core\Scans\Interfaces\ScanInterface is not instantiable
2019-07-23 10:26:24 [error]: Class Algorithms\Interfaces\HyphenationInterface is not instantiable
2019-07-23 10:26:36 [error]: Class Algorithms\Interfaces\HyphenationInterface is not instantiable
2019-07-23 10:26:46 [info]: Pattern 1go used for word godlike
2019-07-23 10:26:46 [info]: Pattern 4ik used for word godlike
2019-07-23 10:26:46 [info]: Pattern 3lik used for word godlike
2019-07-23 10:26:46 [info]: Script execution time 0.033298015594482 seconds.
2019-07-23 10:26:46 [info]: Script used 2 mb of memory.
2019-07-23 10:53:24 [info]: Pattern .te4 used for word test
2019-07-23 10:53:24 [info]: Pattern 2st. used for word test
2019-07-23 10:53:24 [info]: Script execution time 0.032594203948975 seconds.
2019-07-23 10:53:24 [info]: Script used 2 mb of memory.
2019-07-23 10:54:10 [info]: Script execution time 0.0043599605560303 seconds.
2019-07-23 10:54:10 [info]: Script used 2 mb of memory.
2019-07-23 10:54:41 [info]: Script execution time 0.0042891502380371 seconds.
2019-07-23 10:54:41 [info]: Script used 2 mb of memory.
2019-07-23 10:54:54 [info]: Script execution time 0.0044820308685303 seconds.
2019-07-23 10:54:54 [info]: Script used 2 mb of memory.
2019-07-23 10:55:01 [info]: Script execution time 0.0039420127868652 seconds.
2019-07-23 10:55:01 [info]: Script used 2 mb of memory.
2019-07-23 10:56:43 [info]: Script execution time 0.0040578842163086 seconds.
2019-07-23 10:56:43 [info]: Script used 2 mb of memory.
2019-07-23 11:04:45 [info]: Script execution time 0.0041019916534424 seconds.
2019-07-23 11:04:45 [info]: Script used 2 mb of memory.
2019-07-23 11:05:01 [info]: Script execution time 0.0045778751373291 seconds.
2019-07-23 11:05:01 [info]: Script used 2 mb of memory.
2019-07-23 11:06:27 [info]: Script execution time 0.0044190883636475 seconds.
2019-07-23 11:06:27 [info]: Script used 2 mb of memory.
2019-07-23 11:11:17 [info]: Script execution time 0.0044341087341309 seconds.
2019-07-23 11:11:17 [info]: Script used 2 mb of memory.
2019-07-23 11:11:31 [info]: Script execution time 0.0042099952697754 seconds.
2019-07-23 11:11:31 [info]: Script used 2 mb of memory.
2019-07-23 11:13:39 [error]: SQLSTATE[42S02]: Base table or view not found: 1146 Table 'hyphenation.test' doesn't exist
2019-07-23 11:14:12 [info]: Script execution time 0.0043799877166748 seconds.
2019-07-23 11:14:12 [info]: Script used 2 mb of memory.
2019-07-23 11:14:44 [info]: Script execution time 0.0046579837799072 seconds.
2019-07-23 11:14:44 [info]: Script used 2 mb of memory.
2019-07-23 11:14:51 [info]: Script execution time 0.0044920444488525 seconds.
2019-07-23 11:14:51 [info]: Script used 2 mb of memory.
2019-07-23 11:16:09 [info]: Script execution time 0.0066850185394287 seconds.
2019-07-23 11:16:09 [info]: Script used 2 mb of memory.
2019-07-23 11:28:28 [error]: Call to a member function getHandle() on null
2019-07-23 11:39:25 [error]: Call to a member function getHandle() on null
2019-07-23 11:39:52 [error]: Call to a member function getHandle() on null
2019-07-23 11:39:58 [error]: Call to a member function getHandle() on null
2019-07-23 11:40:16 [error]: SQLSTATE[42S22]: Column not found: 1054 Unknown column 'words.words.id' in 'on clause'
2019-07-23 11:48:54 [error]: SQLSTATE[42000]: Syntax error or access violation: 1064 You have an error in your SQL syntax; check the manual that corresponds to your MySQL server version for the right syntax to use near 'WHERE word = 'Missclick' LIMIT 0, 1' at line 1
2019-07-23 11:49:04 [error]: SQLSTATE[42000]: Syntax error or access violation: 1064 You have an error in your SQL syntax; check the manual that corresponds to your MySQL server version for the right syntax to use near 'WHERE word = 'missclick' LIMIT 0, 1' at line 1
2019-07-23 11:49:58 [error]: Call to a member function getHandle() on null
2019-07-23 11:51:15 [error]: Call to a member function getHandle() on null
2019-07-23 12:12:55 [error]: Return value of Models\Word::create() must be of the type boolean, string returned
2019-07-23 12:17:33 [error]: SQLSTATE[42S02]: Base table or view not found: 1146 Table 'hyphenation.test' doesn't exist
2019-07-23 12:17:55 [info]: Script execution time 0.0041110515594482 seconds.
2019-07-23 12:17:55 [info]: Script used 2 mb of memory.
2019-07-23 12:18:41 [info]: Script execution time 0.0042190551757812 seconds.
2019-07-23 12:18:41 [info]: Script used 2 mb of memory.
2019-07-23 12:19:15 [info]: Script execution time 0.0044419765472412 seconds.
2019-07-23 12:19:15 [info]: Script used 2 mb of memory.
2019-07-23 12:19:43 [info]: Script execution time 0.0055568218231201 seconds.
2019-07-23 12:19:43 [info]: Script used 2 mb of memory.
2019-07-23 12:19:58 [info]: Script execution time 0.0050058364868164 seconds.
2019-07-23 12:19:58 [info]: Script used 2 mb of memory.
2019-07-23 12:21:59 [notice]: Patterns would be loaded from tex-hyphenation-patterns.txt!
2019-07-23 12:22:00 [info]: Script execution time 0.61491918563843 seconds.
2019-07-23 12:22:00 [info]: Script used 2 mb of memory.
2019-07-23 13:07:52 [error]: SQLSTATE[42S22]: Column not found: 1054 Unknown column 'id' in 'field list'
2019-07-23 13:08:18 [error]: SQLSTATE[42S22]: Column not found: 1054 Unknown column 'id' in 'field list'
2019-07-23 13:09:05 [error]: SQLSTATE[42S22]: Column not found: 1054 Unknown column 'id' in 'field list'
2019-07-23 13:10:39 [error]: SQLSTATE[42S22]: Column not found: 1054 Unknown column 'id' in 'field list'
2019-07-23 13:11:56 [error]: SQLSTATE[42S22]: Column not found: 1054 Unknown column 'id' in 'field list'
2019-07-23 13:12:06 [error]: SQLSTATE[42S22]: Column not found: 1054 Unknown column 'id' in 'field list'
2019-07-23 13:12:11 [error]: SQLSTATE[42S22]: Column not found: 1054 Unknown column 'id' in 'field list'
2019-07-23 13:12:14 [error]: SQLSTATE[42S22]: Column not found: 1054 Unknown column 'id' in 'field list'
2019-07-23 13:12:34 [error]: SQLSTATE[42S22]: Column not found: 1054 Unknown column 'id' in 'field list'
2019-07-23 13:12:36 [error]: SQLSTATE[42S22]: Column not found: 1054 Unknown column 'id' in 'field list'
2019-07-23 13:12:48 [error]: Class Models\Word does not exist
2019-07-23 13:12:56 [error]: SQLSTATE[42S22]: Column not found: 1054 Unknown column 'id' in 'field list'
2019-07-23 13:13:06 [error]: SQLSTATE[42S22]: Column not found: 1054 Unknown column 'id' in 'field list'
2019-07-23 13:13:07 [error]: SQLSTATE[42S22]: Column not found: 1054 Unknown column 'id' in 'field list'
2019-07-23 13:13:08 [error]: SQLSTATE[42S22]: Column not found: 1054 Unknown column 'id' in 'field list'
2019-07-23 13:13:09 [error]: SQLSTATE[42S22]: Column not found: 1054 Unknown column 'id' in 'field list'
2019-07-23 13:13:10 [error]: SQLSTATE[42S22]: Column not found: 1054 Unknown column 'id' in 'field list'
2019-07-23 13:13:10 [error]: SQLSTATE[42S22]: Column not found: 1054 Unknown column 'id' in 'field list'
2019-07-23 13:18:41 [notice]: Patterns would be loaded from tex-hyphenation-patterns.txt!
2019-07-23 13:18:42 [info]: Script execution time 0.63832592964172 seconds.
2019-07-23 13:18:42 [info]: Script used 2 mb of memory.
2019-07-23 13:24:17 [error]: SQLSTATE[42000]: Syntax error or access violation: 1066 Not unique table/alias: 'words'
2019-07-23 13:24:17 [info]: Script execution time 0.0086719989776611 seconds.
2019-07-23 13:24:17 [info]: Script used 2 mb of memory.
2019-07-23 13:24:37 [error]: SQLSTATE[42000]: Syntax error or access violation: 1066 Not unique table/alias: 'words'
2019-07-23 13:24:37 [info]: Script execution time 0.010187149047852 seconds.
2019-07-23 13:24:37 [info]: Script used 2 mb of memory.
2019-07-23 13:24:57 [error]: SQLSTATE[42000]: Syntax error or access violation: 1066 Not unique table/alias: 'words'
2019-07-23 13:24:57 [info]: Script execution time 0.0092248916625977 seconds.
2019-07-23 13:24:57 [info]: Script used 2 mb of memory.
2019-07-23 13:31:17 [notice]: Patterns would be loaded from tex-hyphenation-patterns.txt!
2019-07-23 13:31:18 [info]: Script execution time 0.63721990585327 seconds.
2019-07-23 13:31:18 [info]: Script used 2 mb of memory.
2019-07-23 13:31:21 [info]: Script execution time 0.0041370391845703 seconds.
2019-07-23 13:31:21 [info]: Script used 2 mb of memory.
2019-07-23 13:31:41 [error]: SQLSTATE[42000]: Syntax error or access violation: 1066 Not unique table/alias: 'words'
2019-07-23 13:31:41 [info]: Script execution time 0.0089001655578613 seconds.
2019-07-23 13:31:41 [info]: Script used 2 mb of memory.
2019-07-23 13:31:53 [error]: SQLSTATE[42000]: Syntax error or access violation: 1066 Not unique table/alias: 'words'
2019-07-23 13:31:53 [info]: Script execution time 0.0087530612945557 seconds.
2019-07-23 13:31:53 [info]: Script used 2 mb of memory.
2019-07-23 13:32:44 [success]: Cache cleared.
2019-07-23 13:32:44 [info]: Script execution time 0.0075740814208984 seconds.
2019-07-23 13:32:44 [info]: Script used 2 mb of memory.
2019-07-23 13:32:56 [success]: Cache cleared.
2019-07-23 13:32:56 [info]: Script execution time 0.0069308280944824 seconds.
2019-07-23 13:32:56 [info]: Script used 2 mb of memory.
2019-07-23 13:33:08 [error]: Return value of Algorithms\Hyphenation::insertWordIntoDatabase() must be of the type string, null returned
2019-07-23 13:33:08 [info]: Script execution time 0.035477161407471 seconds.
2019-07-23 13:33:08 [info]: Script used 4 mb of memory.
2019-07-23 13:44:34 [info]: Script execution time 0.024430990219116 seconds.
2019-07-23 13:44:34 [info]: Script used 2 mb of memory.
2019-07-23 13:45:19 [success]: Cache cleared.
2019-07-23 13:45:19 [info]: Script execution time 0.0069270133972168 seconds.
2019-07-23 13:45:19 [info]: Script used 2 mb of memory.
2019-07-23 13:45:25 [success]: Cache cleared.
2019-07-23 13:45:25 [info]: Script execution time 0.006493091583252 seconds.
2019-07-23 13:45:25 [info]: Script used 2 mb of memory.
2019-07-23 13:45:47 [notice]: Patterns would be loaded from tex-hyphenation-patterns.txt!
2019-07-23 13:45:47 [info]: Script execution time 0.62904000282288 seconds.
2019-07-23 13:45:47 [info]: Script used 2 mb of memory.
2019-07-23 13:45:53 [notice]: Patterns would be loaded from tex-hyphenation-patterns.txt!
2019-07-23 13:45:54 [info]: Script execution time 0.64456295967102 seconds.
2019-07-23 13:45:54 [info]: Script used 2 mb of memory.
2019-07-23 13:48:50 [notice]: Patterns would be loaded from tex-hyphenation-patterns.txt!
2019-07-23 13:48:50 [info]: Script execution time 0.62849998474121 seconds.
2019-07-23 13:48:50 [info]: Script used 2 mb of memory.
2019-07-23 13:48:54 [success]: Cache cleared.
2019-07-23 13:48:54 [info]: Script execution time 0.0069320201873779 seconds.
2019-07-23 13:48:54 [info]: Script used 2 mb of memory.
2019-07-23 13:49:22 [notice]: Patterns would be loaded from tex-hyphenation-patterns.txt!
2019-07-23 13:49:23 [info]: Script execution time 0.62200808525085 seconds.
2019-07-23 13:49:23 [info]: Script used 2 mb of memory.
2019-07-23 13:49:24 [success]: Cache cleared.
2019-07-23 13:49:24 [info]: Script execution time 0.0065641403198242 seconds.
2019-07-23 13:49:24 [info]: Script used 2 mb of memory.
2019-07-23 13:49:36 [success]: Cache cleared.
2019-07-23 13:49:36 [info]: Script execution time 0.0066049098968506 seconds.
2019-07-23 13:49:36 [info]: Script used 2 mb of memory.
2019-07-23 13:49:39 [notice]: Patterns would be loaded from tex-hyphenation-patterns.txt!
2019-07-23 13:49:40 [info]: Script execution time 0.62995195388794 seconds.
2019-07-23 13:49:40 [info]: Script used 2 mb of memory.
2019-07-23 13:49:43 [success]: Cache cleared.
2019-07-23 13:49:43 [info]: Script execution time 0.0074319839477539 seconds.
2019-07-23 13:49:43 [info]: Script used 2 mb of memory.
2019-07-23 13:51:25 [notice]: Patterns would be loaded from tex-hyphenation-patterns.txt!
2019-07-23 13:51:26 [info]: Script execution time 0.62249898910522 seconds.
2019-07-23 13:51:26 [info]: Script used 2 mb of memory.
2019-07-23 13:51:31 [success]: Cache cleared.
2019-07-23 13:51:31 [info]: Script execution time 0.0068120956420898 seconds.
2019-07-23 13:51:31 [info]: Script used 2 mb of memory.
2019-07-23 13:51:32 [notice]: Patterns would be loaded from tex-hyphenation-patterns.txt!
2019-07-23 13:51:33 [info]: Script execution time 0.64221906661987 seconds.
2019-07-23 13:51:33 [info]: Script used 2 mb of memory.
2019-07-23 13:52:48 [notice]: Patterns would be loaded from tex-hyphenation-patterns.txt!
2019-07-23 13:52:49 [info]: Script execution time 0.61736011505127 seconds.
2019-07-23 13:52:49 [info]: Script used 2 mb of memory.
2019-07-23 13:52:50 [success]: Cache cleared.
2019-07-23 13:52:50 [info]: Script execution time 0.0069348812103271 seconds.
2019-07-23 13:52:50 [info]: Script used 2 mb of memory.
2019-07-23 13:56:13 [success]: Cache cleared.
2019-07-23 13:56:13 [info]: Script execution time 0.0064759254455566 seconds.
2019-07-23 13:56:13 [info]: Script used 2 mb of memory.
2019-07-23 13:57:08 [success]: Cache cleared.
2019-07-23 13:57:08 [info]: Script execution time 0.0070121288299561 seconds.
2019-07-23 13:57:08 [info]: Script used 2 mb of memory.
2019-07-23 13:57:09 [notice]: Patterns would be loaded from tex-hyphenation-patterns.txt!
2019-07-23 13:57:10 [info]: Script execution time 0.63646101951599 seconds.
2019-07-23 13:57:10 [info]: Script used 2 mb of memory.
2019-07-23 14:12:45 [notice]: Patterns would be loaded from tex-hyphenation-patterns.txt!
2019-07-23 14:12:46 [info]: Script execution time 0.63050198554993 seconds.
2019-07-23 14:12:46 [info]: Script used 2 mb of memory.
2019-07-23 14:13:06 [info]: Script execution time 0.0066859722137451 seconds.
2019-07-23 14:13:06 [info]: Script used 2 mb of memory.
2019-07-23 14:13:11 [info]: Pattern .te4 used for word test
2019-07-23 14:13:11 [info]: Pattern 2st. used for word test
2019-07-23 14:13:11 [info]: Script execution time 0.033814907073975 seconds.
2019-07-23 14:13:11 [info]: Script used 2 mb of memory.
2019-07-23 14:13:14 [info]: Pattern .he2 used for word hello
2019-07-23 14:13:14 [info]: Pattern ello4 used for word hello
2019-07-23 14:13:14 [info]: Pattern l1l used for word hello
2019-07-23 14:13:14 [info]: Pattern ll4o used for word hello
2019-07-23 14:13:14 [info]: Pattern 3lo. used for word hello
2019-07-23 14:13:14 [info]: Script execution time 0.029368162155151 seconds.
2019-07-23 14:13:14 [info]: Script used 2 mb of memory.
2019-07-23 14:13:16 [info]: Pattern 4itt used for word kitty
2019-07-23 14:13:16 [info]: Pattern k1i used for word kitty
2019-07-23 14:13:16 [info]: Pattern 4t3t2 used for word kitty
2019-07-23 14:13:16 [info]: Pattern 1ty used for word kitty
2019-07-23 14:13:16 [info]: Script execution time 0.030412912368774 seconds.
2019-07-23 14:13:16 [info]: Script used 2 mb of memory.
2019-07-23 14:13:19 [info]: Pattern .li4t used for word little
2019-07-23 14:13:19 [info]: Pattern 4itt used for word little
2019-07-23 14:13:19 [info]: Pattern l1it used for word little
2019-07-23 14:13:19 [info]: Pattern 2tl used for word little
2019-07-23 14:13:19 [info]: Pattern 3tle. used for word little
2019-07-23 14:13:19 [info]: Pattern 4t3t2 used for word little
2019-07-23 14:13:19 [info]: Script execution time 0.032294034957886 seconds.
2019-07-23 14:13:19 [info]: Script used 2 mb of memory.
2019-07-23 14:13:23 [info]: Pattern .sh2 used for word shoot
2019-07-23 14:13:23 [info]: Pattern oo2 used for word shoot
2019-07-23 14:13:23 [info]: Pattern s2h used for word shoot
2019-07-23 14:13:23 [info]: Pattern sho4 used for word shoot
2019-07-23 14:13:23 [info]: Script execution time 0.032732963562012 seconds.
2019-07-23 14:13:23 [info]: Script used 2 mb of memory.
