2019-07-22 09:08:54 [error]: Argument 1 passed to Core\View::renderJson() must be of the type array, boolean given, called in /home/aleksandr/PhpstormProjects/visma-internship/Controllers/WordController.php on line 22
2019-07-22 09:11:15 [error]: Argument 1 passed to Core\View::renderJson() must be of the type array, boolean given, called in /home/aleksandr/PhpstormProjects/visma-internship/Controllers/PatternController.php on line 22
2019-07-22 09:12:14 [error]: Argument 1 passed to Core\View::renderJson() must be of the type array, boolean given, called in /home/aleksandr/PhpstormProjects/visma-internship/Controllers/WordController.php on line 22
2019-07-22 09:12:29 [error]: Argument 1 passed to Core\View::renderJson() must be of the type array, boolean given, called in /home/aleksandr/PhpstormProjects/visma-internship/Controllers/WordController.php on line 22
2019-07-22 09:12:41 [error]: Argument 1 passed to Core\View::renderJson() must be of the type array, boolean given, called in /home/aleksandr/PhpstormProjects/visma-internship/Controllers/WordController.php on line 22
2019-07-22 09:12:43 [error]: Argument 1 passed to Core\View::renderJson() must be of the type array, boolean given, called in /home/aleksandr/PhpstormProjects/visma-internship/Controllers/WordController.php on line 22
2019-07-22 09:12:44 [error]: Argument 1 passed to Core\View::renderJson() must be of the type array, boolean given, called in /home/aleksandr/PhpstormProjects/visma-internship/Controllers/WordController.php on line 22
2019-07-22 09:59:22 [error]: str_split() expects parameter 1 to be string, null given
2019-07-22 09:59:22 [info]: Script execution time 0.02348780632019 seconds.
2019-07-22 09:59:22 [info]: Script used 2 mb of memory.
2019-07-22 10:01:42 [info]: Script execution time 0.016609907150269 seconds.
2019-07-22 10:01:42 [info]: Script used 2 mb of memory.
2019-07-22 10:03:07 [info]: Script execution time 0.012195110321045 seconds.
2019-07-22 10:03:07 [info]: Script used 2 mb of memory.
2019-07-22 10:03:33 [notice]: Patterns would be loaded from tex-hyphenation-patterns.txt!
2019-07-22 10:03:33 [success]: New patterns imported.
2019-07-22 10:03:33 [info]: Script execution time 0.022495031356812 seconds.
2019-07-22 10:03:33 [info]: Script used 2 mb of memory.
2019-07-22 10:03:43 [notice]: Patterns would be loaded from tex-hyphenation-patterns.txt!
2019-07-22 10:03:43 [success]: New patterns imported.
2019-07-22 10:03:43 [info]: Script execution time 0.021671056747437 seconds.
2019-07-22 10:03:43 [info]: Script used 2 mb of memory.
2019-07-22 10:04:23 [notice]: Patterns would be loaded from tex-hyphenation-patterns.txt!
2019-07-22 10:04:23 [success]: New patterns imported.
2019-07-22 10:04:23 [info]: Script execution time 0.023126125335693 seconds.
2019-07-22 10:04:23 [info]: Script used 2 mb of memory.
2019-07-22 10:04:48 [success]: You changed script's source to 'file'
2019-07-22 10:04:48 [info]: Script execution time 0.009552001953125 seconds.
2019-07-22 10:04:48 [info]: Script used 2 mb of memory.
2019-07-22 10:04:55 [info]: Script execution time 0.0075199604034424 seconds.
2019-07-22 10:04:55 [info]: Script used 2 mb of memory.
2019-07-22 10:04:57 [info]: Script execution time 0.0072970390319824 seconds.
2019-07-22 10:04:57 [info]: Script used 2 mb of memory.
2019-07-22 10:05:02 [success]: Cache cleared.
2019-07-22 10:05:02 [info]: Script execution time 0.010663986206055 seconds.
2019-07-22 10:05:02 [info]: Script used 2 mb of memory.
2019-07-22 10:05:03 [info]: Script execution time 0.032232046127319 seconds.
2019-07-22 10:05:03 [info]: Script used 2 mb of memory.
2019-07-22 10:05:08 [notice]: Patterns would be loaded from tex-hyphenation-patterns.txt!
2019-07-22 10:05:09 [success]: New patterns imported.
2019-07-22 10:05:09 [info]: Script execution time 0.60990691184998 seconds.
2019-07-22 10:05:09 [info]: Script used 2 mb of memory.
2019-07-22 10:05:58 [info]: Script execution time 0.0692298412323 seconds.
2019-07-22 10:05:58 [info]: Script used 2 mb of memory.
2019-07-22 10:06:12 [info]: Script execution time 0.01072096824646 seconds.
2019-07-22 10:06:12 [info]: Script used 2 mb of memory.
2019-07-22 10:19:17 [error]: SQLSTATE[42000]: Syntax error or access violation: 1064 You have an error in your SQL syntax; check the manual that corresponds to your MySQL server version for the right syntax to use near '? WHERE id = ?' at line 1
2019-07-22 10:19:17 [info]: Script execution time 0.013603925704956 seconds.
2019-07-22 10:19:17 [info]: Script used 2 mb of memory.
2019-07-22 10:19:59 [error]: SQLSTATE[42000]: Syntax error or access violation: 1064 You have an error in your SQL syntax; check the manual that corresponds to your MySQL server version for the right syntax to use near '? WHERE id = ?' at line 1
2019-07-22 10:19:59 [info]: Script execution time 0.0097339153289795 seconds.
2019-07-22 10:19:59 [info]: Script used 2 mb of memory.
2019-07-22 10:21:48 [success]: You changed script's source to 'database'
2019-07-22 10:21:48 [info]: Script execution time 0.0097181797027588 seconds.
2019-07-22 10:21:48 [info]: Script used 2 mb of memory.
2019-07-22 10:21:51 [info]: Pattern .mis1
 used for word mistranslate
2019-07-22 10:21:51 [info]: Pattern a2n
 used for word mistranslate
2019-07-22 10:21:51 [info]: Pattern 2is.
 used for word mistranslate
2019-07-22 10:21:51 [info]: Pattern 5mi.
 used for word mistranslate
2019-07-22 10:21:51 [info]: Pattern m2is
 used for word mistranslate
2019-07-22 10:21:51 [info]: Pattern 2n1s2
 used for word mistranslate
2019-07-22 10:21:51 [info]: Pattern n2sl
 used for word mistranslate
2019-07-22 10:21:51 [info]: Pattern s1l2
 used for word mistranslate
2019-07-22 10:21:51 [info]: Pattern s3lat
 used for word mistranslate
2019-07-22 10:21:51 [info]: Pattern 2st.
 used for word mistranslate
2019-07-22 10:21:51 [info]: Pattern st4r
 used for word mistranslate
2019-07-22 10:21:51 [info]: Pattern 4te.
 used for word mistranslate
2019-07-22 10:21:51 [info]: Pattern 1tra
 used for word mistranslate
2019-07-22 10:21:51 [info]: Script execution time 0.038545846939087 seconds.
2019-07-22 10:21:51 [info]: Script used 2 mb of memory.
2019-07-22 10:21:57 [error]: SQLSTATE[42000]: Syntax error or access violation: 1064 You have an error in your SQL syntax; check the manual that corresponds to your MySQL server version for the right syntax to use near '? WHERE id = ?' at line 1
2019-07-22 10:21:57 [info]: Script execution time 0.0098068714141846 seconds.
2019-07-22 10:21:57 [info]: Script used 2 mb of memory.
2019-07-22 10:21:59 [error]: SQLSTATE[42000]: Syntax error or access violation: 1064 You have an error in your SQL syntax; check the manual that corresponds to your MySQL server version for the right syntax to use near '? WHERE id = ?' at line 1
2019-07-22 10:21:59 [info]: Script execution time 0.010939836502075 seconds.
2019-07-22 10:21:59 [info]: Script used 2 mb of memory.
2019-07-22 10:21:59 [error]: SQLSTATE[42000]: Syntax error or access violation: 1064 You have an error in your SQL syntax; check the manual that corresponds to your MySQL server version for the right syntax to use near '? WHERE id = ?' at line 1
2019-07-22 10:21:59 [info]: Script execution time 0.0070950984954834 seconds.
2019-07-22 10:21:59 [info]: Script used 2 mb of memory.
2019-07-22 10:22:00 [error]: SQLSTATE[42000]: Syntax error or access violation: 1064 You have an error in your SQL syntax; check the manual that corresponds to your MySQL server version for the right syntax to use near '? WHERE id = ?' at line 1
2019-07-22 10:22:00 [info]: Script execution time 0.0086710453033447 seconds.
2019-07-22 10:22:00 [info]: Script used 2 mb of memory.
2019-07-22 10:23:01 [error]: SQLSTATE[42000]: Syntax error or access violation: 1064 You have an error in your SQL syntax; check the manual that corresponds to your MySQL server version for the right syntax to use near '? WHERE id = ?' at line 1
2019-07-22 10:23:01 [info]: Script execution time 0.011609792709351 seconds.
2019-07-22 10:23:01 [info]: Script used 2 mb of memory.
2019-07-22 10:23:05 [error]: SQLSTATE[42000]: Syntax error or access violation: 1064 You have an error in your SQL syntax; check the manual that corresponds to your MySQL server version for the right syntax to use near '? ORDER BY id DESC' at line 1
2019-07-22 10:23:05 [info]: Script execution time 0.01362681388855 seconds.
2019-07-22 10:23:05 [info]: Script used 2 mb of memory.
2019-07-22 10:26:27 [error]: SQLSTATE[42000]: Syntax error or access violation: 1064 You have an error in your SQL syntax; check the manual that corresponds to your MySQL server version for the right syntax to use near '? ORDER BY id DESC' at line 1
2019-07-22 10:26:27 [info]: Script execution time 0.0154128074646 seconds.
2019-07-22 10:26:27 [info]: Script used 2 mb of memory.
2019-07-22 10:28:15 [error]: SQLSTATE[42000]: Syntax error or access violation: 1064 You have an error in your SQL syntax; check the manual that corresponds to your MySQL server version for the right syntax to use near '? ORDER BY id DESC' at line 1
2019-07-22 10:28:15 [info]: Script execution time 0.012670040130615 seconds.
2019-07-22 10:28:15 [info]: Script used 2 mb of memory.
2019-07-22 10:30:02 [error]: Class Models\Pattern does not exist
2019-07-22 10:30:12 [error]: Class Models\Pattern does not exist
2019-07-22 10:31:04 [error]: Class Models\Pattern does not exist
2019-07-22 10:32:08 [info]: Script execution time 0.03266716003418 seconds.
2019-07-22 10:32:08 [info]: Script used 4 mb of memory.
2019-07-22 10:32:23 [info]: Script execution time 0.0089740753173828 seconds.
2019-07-22 10:32:23 [info]: Script used 2 mb of memory.
2019-07-22 10:33:37 [error]: SQLSTATE[23000]: Integrity constraint violation: 1062 Duplicate entry 'hello' for key 'pattern'
2019-07-22 10:33:37 [info]: Script execution time 0.01274299621582 seconds.
2019-07-22 10:33:37 [info]: Script used 2 mb of memory.
2019-07-22 10:37:11 [info]: Script execution time 0.010554075241089 seconds.
2019-07-22 10:37:11 [info]: Script used 2 mb of memory.
2019-07-22 10:37:13 [info]: Script execution time 0.01195502281189 seconds.
2019-07-22 10:37:13 [info]: Script used 2 mb of memory.
2019-07-22 10:38:32 [info]: Script execution time 0.0092689990997314 seconds.
2019-07-22 10:38:32 [info]: Script used 2 mb of memory.
2019-07-22 10:38:38 [info]: Script execution time 0.0074241161346436 seconds.
2019-07-22 10:38:38 [info]: Script used 2 mb of memory.
2019-07-22 10:45:14 [success]: You changed script's source to 'file'
2019-07-22 10:45:14 [info]: Script execution time 0.0091028213500977 seconds.
2019-07-22 10:45:14 [info]: Script used 2 mb of memory.
2019-07-22 10:45:17 [notice]: Patterns would be loaded from tex-hyphenation-patterns.txt!
2019-07-22 10:45:18 [success]: New patterns imported.
2019-07-22 10:45:18 [info]: Script execution time 0.62952995300293 seconds.
2019-07-22 10:45:18 [info]: Script used 2 mb of memory.
2019-07-22 10:50:06 [notice]: Patterns would be loaded from tex-hyphenation-patterns.txt!
2019-07-22 10:50:07 [success]: New patterns imported.
2019-07-22 10:50:07 [info]: Script execution time 0 seconds.
2019-07-22 10:50:07 [info]: Script used 2 mb of memory.
2019-07-22 10:50:26 [notice]: Patterns would be loaded from tex-hyphenation-patterns.txt!
2019-07-22 10:50:26 [success]: New patterns imported.
2019-07-22 10:50:26 [info]: Script execution time 0 seconds.
2019-07-22 10:50:26 [info]: Script used 2 mb of memory.
2019-07-22 10:50:33 [notice]: Patterns would be loaded from tex-hyphenation-patterns.txt!
2019-07-22 10:50:34 [success]: New patterns imported.
2019-07-22 10:50:34 [info]: Script execution time 0 seconds.
2019-07-22 10:50:34 [info]: Script used 2 mb of memory.
2019-07-22 10:50:59 [notice]: Patterns would be loaded from tex-hyphenation-patterns.txt!
2019-07-22 10:50:59 [success]: New patterns imported.
2019-07-22 10:50:59 [info]: Script execution time 0 seconds.
2019-07-22 10:50:59 [info]: Script used 2 mb of memory.
2019-07-22 10:51:10 [notice]: Patterns would be loaded from tex-hyphenation-patterns.txt!
2019-07-22 10:51:11 [success]: New patterns imported.
2019-07-22 10:51:11 [info]: Script execution time 0 seconds.
2019-07-22 10:51:11 [info]: Script used 2 mb of memory.
2019-07-22 10:51:24 [notice]: Patterns would be loaded from tex-hyphenation-patterns.txt!
2019-07-22 10:51:24 [success]: New patterns imported.
2019-07-22 10:51:24 [info]: Script execution time 0 seconds.
2019-07-22 10:51:24 [info]: Script used 2 mb of memory.
2019-07-22 11:11:04 [notice]: Patterns would be loaded from tex-hyphenation-patterns.txt!
2019-07-22 11:11:05 [success]: New patterns imported.
2019-07-22 11:11:05 [info]: Script execution time 0 seconds.
2019-07-22 11:11:05 [info]: Script used 2 mb of memory.
2019-07-22 11:11:15 [notice]: Patterns would be loaded from tex-hyphenation-patterns.txt!
2019-07-22 11:11:16 [success]: New patterns imported.
2019-07-22 11:11:16 [info]: Script execution time 0 seconds.
2019-07-22 11:11:16 [info]: Script used 2 mb of memory.
2019-07-22 11:11:51 [notice]: Patterns would be loaded from tex-hyphenation-patterns.txt!
2019-07-22 11:11:52 [success]: New patterns imported.
2019-07-22 11:11:52 [info]: Script execution time 0 seconds.
2019-07-22 11:11:52 [info]: Script used 2 mb of memory.
2019-07-22 11:12:20 [notice]: Patterns would be loaded from tex-hyphenation-patterns.txt!
2019-07-22 11:12:21 [success]: New patterns imported.
2019-07-22 11:12:21 [info]: Script execution time 0 seconds.
2019-07-22 11:12:21 [info]: Script used 2 mb of memory.
2019-07-22 11:12:34 [notice]: Patterns would be loaded from tex-hyphenation-patterns.txt!
2019-07-22 11:12:34 [success]: New patterns imported.
2019-07-22 11:12:34 [info]: Script execution time 0 seconds.
2019-07-22 11:12:34 [info]: Script used 2 mb of memory.
2019-07-22 11:16:54 [notice]: Patterns would be loaded from tex-hyphenation-patterns.txt!
2019-07-22 11:16:54 [success]: New patterns imported.
2019-07-22 11:16:54 [info]: Script execution time 1 seconds.
2019-07-22 11:16:54 [info]: Script used 2 mb of memory.
2019-07-22 11:17:09 [notice]: Patterns would be loaded from tex-hyphenation-patterns.txt!
2019-07-22 11:17:10 [success]: New patterns imported.
2019-07-22 11:17:10 [info]: Script execution time 0.66233706474304 seconds.
2019-07-22 11:17:10 [info]: Script used 2 mb of memory.
2019-07-22 11:19:26 [info]: Script execution time 0.017445087432861 seconds.
2019-07-22 11:19:26 [info]: Script used 2 mb of memory.
2019-07-22 11:19:27 [info]: Script execution time 0.015100955963135 seconds.
2019-07-22 11:19:27 [info]: Script used 2 mb of memory.
2019-07-22 11:19:47 [info]: Script execution time 0.065792798995972 seconds.
2019-07-22 11:19:47 [info]: Script used 2 mb of memory.
2019-07-22 11:20:00 [info]: Script execution time 0.007957935333252 seconds.
2019-07-22 11:20:00 [info]: Script used 2 mb of memory.
2019-07-22 11:20:05 [info]: Script execution time 0.0074889659881592 seconds.
2019-07-22 11:20:05 [info]: Script used 2 mb of memory.
2019-07-22 11:20:07 [info]: Script execution time 0.012541770935059 seconds.
2019-07-22 11:20:07 [info]: Script used 2 mb of memory.
2019-07-22 11:20:26 [info]: Script execution time 0.021491050720215 seconds.
2019-07-22 11:20:26 [info]: Script used 2 mb of memory.
2019-07-22 11:20:32 [info]: Script execution time 0.075653076171875 seconds.
2019-07-22 11:20:32 [info]: Script used 2 mb of memory.
2019-07-22 11:23:50 [notice]: Patterns would be loaded from tex-hyphenation-patterns.txt!
2019-07-22 11:23:51 [success]: New patterns imported.
2019-07-22 11:23:51 [info]: Script execution time 0.66796803474426 seconds.
2019-07-22 11:23:51 [info]: Script used 2 mb of memory.
2019-07-22 11:24:51 [notice]: Patterns would be loaded from tex-hyphenation-patterns.txt!
2019-07-22 11:24:51 [success]: New patterns imported.
2019-07-22 11:24:51 [info]: Script execution time 0.67494010925293 seconds.
2019-07-22 11:24:51 [info]: Script used 2 mb of memory.
2019-07-22 11:25:19 [notice]: Patterns would be loaded from tex-hyphenation-patterns.txt!
2019-07-22 11:25:20 [success]: New patterns imported.
2019-07-22 11:25:20 [info]: Script execution time 0.67437195777893 seconds.
2019-07-22 11:25:20 [info]: Script used 2 mb of memory.
2019-07-22 11:28:16 [success]: Cache cleared.
2019-07-22 11:28:16 [info]: Script execution time 0.013740062713623 seconds.
2019-07-22 11:28:16 [info]: Script used 2 mb of memory.
2019-07-22 13:26:29 [error]: extract() expects parameter 1 to be array, integer given
2019-07-22 13:59:05 [notice]: Patterns would be loaded from tex-hyphenation-patterns.txt!
2019-07-22 13:59:06 [success]: New patterns imported.
2019-07-22 13:59:06 [info]: Script execution time 0.65579319000244 seconds.
2019-07-22 13:59:06 [info]: Script used 2 mb of memory.
2019-07-22 13:59:10 [error]: Cannot access private property Models\Word::$usedPatterns
2019-07-22 14:00:35 [error]: Cannot access private property Models\Word::$usedPatterns
2019-07-22 14:07:18 [success]: You changed script's source to 'database'
2019-07-22 14:07:18 [info]: Script execution time 0.0095489025115967 seconds.
2019-07-22 14:07:18 [info]: Script used 2 mb of memory.
2019-07-22 14:07:21 [error]: Cannot use object of type PDOStatement as array
2019-07-22 14:07:21 [info]: Script execution time 0.012480020523071 seconds.
2019-07-22 14:07:21 [info]: Script used 2 mb of memory.
2019-07-22 14:11:27 [error]: Cannot use object of type PDOStatement as array
2019-07-22 14:11:27 [info]: Script execution time 0.012962818145752 seconds.
2019-07-22 14:11:27 [info]: Script used 2 mb of memory.
2019-07-22 14:12:12 [error]: Cannot use object of type PDOStatement as array
2019-07-22 14:12:12 [info]: Script execution time 0.01291298866272 seconds.
2019-07-22 14:12:12 [info]: Script used 2 mb of memory.
2019-07-22 14:14:20 [error]: Cannot use object of type PDOStatement as array
2019-07-22 14:14:20 [info]: Script execution time 0.013912916183472 seconds.
2019-07-22 14:14:20 [info]: Script used 2 mb of memory.
2019-07-22 14:15:04 [error]: Cannot use object of type PDOStatement as array
2019-07-22 14:15:04 [info]: Script execution time 0.015859842300415 seconds.
2019-07-22 14:15:04 [info]: Script used 2 mb of memory.
2019-07-22 14:15:12 [error]: Cannot use object of type PDOStatement as array
2019-07-22 14:15:12 [info]: Script execution time 0.013581037521362 seconds.
2019-07-22 14:15:12 [info]: Script used 2 mb of memory.
2019-07-22 14:15:13 [error]: Cannot use object of type PDOStatement as array
2019-07-22 14:15:13 [info]: Script execution time 0.01307487487793 seconds.
2019-07-22 14:15:13 [info]: Script used 2 mb of memory.
2019-07-22 14:16:34 [error]: Return value of Algorithms\Hyphenation::getFromDatabase() must be of the type string, null returned
2019-07-22 14:16:34 [info]: Script execution time 0.013195991516113 seconds.
2019-07-22 14:16:34 [info]: Script used 2 mb of memory.
2019-07-22 14:17:04 [info]: Script execution time 0.0084190368652344 seconds.
2019-07-22 14:17:04 [info]: Script used 2 mb of memory.
2019-07-22 14:17:05 [info]: Script execution time 0.0077950954437256 seconds.
2019-07-22 14:17:05 [info]: Script used 2 mb of memory.
2019-07-22 14:17:11 [success]: Cache cleared.
2019-07-22 14:17:11 [info]: Script execution time 0.010870933532715 seconds.
2019-07-22 14:17:11 [info]: Script used 2 mb of memory.
2019-07-22 14:17:11 [info]: Script execution time 0.035086154937744 seconds.
2019-07-22 14:17:11 [info]: Script used 4 mb of memory.
2019-07-22 14:17:41 [success]: Cache cleared.
2019-07-22 14:17:41 [info]: Script execution time 0.010534048080444 seconds.
2019-07-22 14:17:41 [info]: Script used 2 mb of memory.
2019-07-22 14:17:42 [info]: Script execution time 0.012295961380005 seconds.
2019-07-22 14:17:42 [info]: Script used 2 mb of memory.
2019-07-22 14:17:45 [success]: Cache cleared.
2019-07-22 14:17:45 [info]: Script execution time 0.010097026824951 seconds.
2019-07-22 14:17:45 [info]: Script used 2 mb of memory.
2019-07-22 14:17:58 [info]: Script execution time 0.038531064987183 seconds.
2019-07-22 14:17:58 [info]: Script used 4 mb of memory.
2019-07-22 14:19:13 [info]: Script execution time 0.0093269348144531 seconds.
2019-07-22 14:19:13 [info]: Script used 2 mb of memory.
2019-07-22 14:19:18 [success]: Cache cleared.
2019-07-22 14:19:18 [info]: Script execution time 0.010266780853271 seconds.
2019-07-22 14:19:18 [info]: Script used 2 mb of memory.
2019-07-22 14:19:19 [error]: Call to a member function create() on null
2019-07-22 14:19:19 [info]: Script execution time 0.032158136367798 seconds.
2019-07-22 14:19:19 [info]: Script used 4 mb of memory.
2019-07-22 14:19:49 [info]: Pattern .mis1 used for word mistranslate
2019-07-22 14:19:49 [info]: Pattern 1tra used for word mistranslate
2019-07-22 14:19:49 [info]: Pattern 2n1s2 used for word mistranslate
2019-07-22 14:19:49 [info]: Pattern 4te. used for word mistranslate
2019-07-22 14:19:49 [info]: Pattern a2n used for word mistranslate
2019-07-22 14:19:49 [info]: Pattern m2is used for word mistranslate
2019-07-22 14:19:49 [info]: Pattern n2sl used for word mistranslate
2019-07-22 14:19:49 [info]: Pattern s1l2 used for word mistranslate
2019-07-22 14:19:49 [info]: Pattern s3lat used for word mistranslate
2019-07-22 14:19:49 [info]: Pattern st4r used for word mistranslate
2019-07-22 14:19:49 [info]: Script execution time 0.036141872406006 seconds.
2019-07-22 14:19:49 [info]: Script used 2 mb of memory.
2019-07-22 14:21:04 [success]: Cache cleared.
2019-07-22 14:21:04 [info]: Script execution time 0.0098679065704346 seconds.
2019-07-22 14:21:04 [info]: Script used 2 mb of memory.
2019-07-22 15:22:55 [error]: Call to a member function rowCount() on null
2019-07-22 15:23:47 [error]: Call to a member function rowCount() on null
2019-07-22 15:24:38 [error]: Call to a member function rowCount() on null
2019-07-22 15:24:49 [error]: Call to a member function rowCount() on null
2019-07-22 15:25:18 [error]: Call to undefined method Core\Database\Singleton::query()
2019-07-22 15:25:38 [error]: Call to undefined method Core\Database\Singleton::query()
