2019-07-24 09:13:48 [error]: Such flag [-word] does not exist.
2019-07-24 09:13:48 [info]: Script execution time 0.012547969818115 seconds.
2019-07-24 09:13:48 [info]: Script used 2 mb of memory.
2019-07-24 09:13:52 [error]: Such flag [-word] does not exist.
2019-07-24 09:13:52 [info]: Script execution time 0.0035378932952881 seconds.
2019-07-24 09:13:52 [info]: Script used 2 mb of memory.
2019-07-24 09:14:15 [error]: Such flag [-word] does not exist.
2019-07-24 09:14:15 [info]: Script execution time 0.0046770572662354 seconds.
2019-07-24 09:14:15 [info]: Script used 2 mb of memory.
2019-07-24 09:14:16 [error]: Such flag [-word] does not exist.
2019-07-24 09:14:16 [info]: Script execution time 0.0034370422363281 seconds.
2019-07-24 09:14:16 [info]: Script used 2 mb of memory.
2019-07-24 09:14:16 [error]: Such flag [-word] does not exist.
2019-07-24 09:14:16 [info]: Script execution time 0.0034730434417725 seconds.
2019-07-24 09:14:16 [info]: Script used 2 mb of memory.
2019-07-24 09:14:17 [error]: Such flag [-word] does not exist.
2019-07-24 09:14:17 [info]: Script execution time 0.0034651756286621 seconds.
2019-07-24 09:14:17 [info]: Script used 2 mb of memory.
2019-07-24 09:14:17 [error]: Such flag [-word] does not exist.
2019-07-24 09:14:17 [info]: Script execution time 0.0035009384155273 seconds.
2019-07-24 09:14:17 [info]: Script used 2 mb of memory.
2019-07-24 09:14:17 [error]: Such flag [-word] does not exist.
2019-07-24 09:14:17 [info]: Script execution time 0.0036029815673828 seconds.
2019-07-24 09:14:17 [info]: Script used 2 mb of memory.
2019-07-24 09:14:25 [info]: Script execution time 0.0013101100921631 seconds.
2019-07-24 09:14:25 [info]: Script used 2 mb of memory.
2019-07-24 09:29:06 [error]: Return value of Core\Input\Validator::validateInput() must be of the type boolean, none returned
2019-07-24 09:29:06 [info]: Script execution time 0.003978967666626 seconds.
2019-07-24 09:29:06 [info]: Script used 2 mb of memory.
2019-07-24 09:29:10 [error]: Return value of Core\Input\Validator::validateInput() must be of the type boolean, none returned
2019-07-24 09:29:10 [info]: Script execution time 0.0034208297729492 seconds.
2019-07-24 09:29:10 [info]: Script used 2 mb of memory.
2019-07-24 09:29:23 [error]: Return value of Core\Input\Validator::validateInput() must be of the type boolean, none returned
2019-07-24 09:29:23 [info]: Script execution time 0.0034141540527344 seconds.
2019-07-24 09:29:23 [info]: Script used 2 mb of memory.
2019-07-24 09:29:24 [error]: Return value of Core\Input\Validator::validateInput() must be of the type boolean, none returned
2019-07-24 09:29:24 [info]: Script execution time 0.0087900161743164 seconds.
2019-07-24 09:29:24 [info]: Script used 2 mb of memory.
2019-07-24 09:29:27 [info]: Script execution time 0.0013351440429688 seconds.
2019-07-24 09:29:27 [info]: Script used 2 mb of memory.
2019-07-24 09:37:05 [error]: Usage: php startup [flag] [target]
2019-07-24 09:37:05 [info]: Script execution time 0.0037260055541992 seconds.
2019-07-24 09:37:05 [info]: Script used 2 mb of memory.
2019-07-24 09:37:07 [error]: Usage: php startup [flag] [target]
2019-07-24 09:37:07 [info]: Script execution time 0.0035381317138672 seconds.
2019-07-24 09:37:07 [info]: Script used 2 mb of memory.
2019-07-24 09:37:18 [error]: Usage: php startup [flag] [target]
2019-07-24 09:37:18 [info]: Script execution time 0.0036499500274658 seconds.
2019-07-24 09:37:18 [info]: Script used 2 mb of memory.
2019-07-24 09:37:21 [error]: You can reset only cache. php startup -reset cache
2019-07-24 09:37:21 [info]: Script execution time 0.0037391185760498 seconds.
2019-07-24 09:37:21 [info]: Script used 2 mb of memory.
2019-07-24 09:37:26 [info]: Script execution time 0.0012490749359131 seconds.
2019-07-24 09:37:26 [info]: Script used 2 mb of memory.
2019-07-24 09:37:37 [error]: Usage: php startup [flag] [target]
2019-07-24 09:37:37 [info]: Script execution time 0.0033669471740723 seconds.
2019-07-24 09:37:37 [info]: Script used 2 mb of memory.
2019-07-24 09:37:38 [info]: Script execution time 0.001270055770874 seconds.
2019-07-24 09:37:38 [info]: Script used 2 mb of memory.
2019-07-24 09:37:55 [info]: Script execution time 0.0013620853424072 seconds.
2019-07-24 09:37:55 [info]: Script used 2 mb of memory.
2019-07-24 09:39:44 [info]: Script execution time 0.0013699531555176 seconds.
2019-07-24 09:39:44 [info]: Script used 2 mb of memory.
2019-07-24 09:39:56 [info]: Script execution time 0.0013468265533447 seconds.
2019-07-24 09:39:56 [info]: Script used 2 mb of memory.
2019-07-24 10:00:17 [error]: Argument 1 passed to Core\DI\Container::get() must be of the type string, null given, called in /home/aleksandr/PhpstormProjects/visma-internship/Core/Input/Resolver.php on line 33
2019-07-24 10:00:17 [info]: Script execution time 0.0040829181671143 seconds.
2019-07-24 10:00:17 [info]: Script used 2 mb of memory.
2019-07-24 10:00:33 [error]: Argument 1 passed to Core\DI\Container::get() must be of the type string, null given, called in /home/aleksandr/PhpstormProjects/visma-internship/Core/Input/Resolver.php on line 33
2019-07-24 10:00:33 [info]: Script execution time 0.0040609836578369 seconds.
2019-07-24 10:00:33 [info]: Script used 2 mb of memory.
2019-07-24 10:01:05 [error]: Argument 1 passed to Core\DI\Container::get() must be of the type string, null given, called in /home/aleksandr/PhpstormProjects/visma-internship/Core/Input/Resolver.php on line 35
2019-07-24 10:01:05 [info]: Script execution time 0.00484299659729 seconds.
2019-07-24 10:01:05 [info]: Script used 2 mb of memory.
2019-07-24 10:01:11 [error]: Argument 1 passed to Core\DI\Container::get() must be of the type string, null given, called in /home/aleksandr/PhpstormProjects/visma-internship/Core/Input/Resolver.php on line 36
2019-07-24 10:01:11 [info]: Script execution time 0.0042989253997803 seconds.
2019-07-24 10:01:11 [info]: Script used 2 mb of memory.
2019-07-24 10:01:13 [error]: Argument 1 passed to Core\DI\Container::get() must be of the type string, null given, called in /home/aleksandr/PhpstormProjects/visma-internship/Core/Input/Resolver.php on line 36
2019-07-24 10:01:13 [info]: Script execution time 0.0042598247528076 seconds.
2019-07-24 10:01:13 [info]: Script used 2 mb of memory.
2019-07-24 10:01:14 [error]: Argument 1 passed to Core\DI\Container::get() must be of the type string, null given, called in /home/aleksandr/PhpstormProjects/visma-internship/Core/Input/Resolver.php on line 36
2019-07-24 10:01:14 [info]: Script execution time 0.0049810409545898 seconds.
2019-07-24 10:01:14 [info]: Script used 2 mb of memory.
2019-07-24 10:01:18 [error]: Argument 1 passed to Core\DI\Container::get() must be of the type string, null given, called in /home/aleksandr/PhpstormProjects/visma-internship/Core/Input/Resolver.php on line 36
2019-07-24 10:01:18 [info]: Script execution time 0.0037379264831543 seconds.
2019-07-24 10:01:18 [info]: Script used 2 mb of memory.
2019-07-24 10:01:54 [info]: Script execution time 0.0032238960266113 seconds.
2019-07-24 10:01:54 [info]: Script used 2 mb of memory.
2019-07-24 10:03:18 [info]: Script execution time 0.0032889842987061 seconds.
2019-07-24 10:03:18 [info]: Script used 2 mb of memory.
2019-07-24 10:11:25 [info]: Script execution time 0.0034730434417725 seconds.
2019-07-24 10:11:25 [info]: Script used 2 mb of memory.
2019-07-24 10:11:31 [info]: Script execution time 0.0035359859466553 seconds.
2019-07-24 10:11:31 [info]: Script used 2 mb of memory.
2019-07-24 10:11:33 [info]: Script execution time 0.0035510063171387 seconds.
2019-07-24 10:11:33 [info]: Script used 2 mb of memory.
2019-07-24 10:11:38 [info]: Script execution time 0.011445999145508 seconds.
2019-07-24 10:11:38 [info]: Script used 2 mb of memory.
2019-07-24 10:11:41 [info]: Script execution time 0.016298055648804 seconds.
2019-07-24 10:11:41 [info]: Script used 2 mb of memory.
2019-07-24 10:11:43 [info]: Script execution time 0.003817081451416 seconds.
2019-07-24 10:11:43 [info]: Script used 2 mb of memory.
2019-07-24 10:12:34 [success]: mis-trans-late
2019-07-24 10:12:34 [info]: Script execution time 0.0058960914611816 seconds.
2019-07-24 10:12:34 [info]: Script used 2 mb of memory.
2019-07-24 10:13:12 [success]: Result: mis-trans-late
2019-07-24 10:13:12 [info]: Script execution time 0.010907888412476 seconds.
2019-07-24 10:13:12 [info]: Script used 2 mb of memory.
2019-07-24 10:13:18 [success]: Result: for-ev-er
2019-07-24 10:13:18 [info]: Script execution time 0.047593116760254 seconds.
2019-07-24 10:13:18 [info]: Script used 4 mb of memory.
2019-07-24 10:13:51 [success]: Result: for-ev-er
2019-07-24 10:13:51 [info]: Script execution time 0.0077450275421143 seconds.
2019-07-24 10:13:51 [info]: Script used 2 mb of memory.
2019-07-24 10:13:55 [success]: Cache successfully cleared.
2019-07-24 10:13:55 [info]: Script execution time 0.008544921875 seconds.
2019-07-24 10:13:55 [info]: Script used 2 mb of memory.
2019-07-24 10:13:56 [success]: Result: for-ev-er
2019-07-24 10:13:56 [info]: Script execution time 0.0062930583953857 seconds.
2019-07-24 10:13:56 [info]: Script used 2 mb of memory.
2019-07-24 10:13:57 [success]: Result: for-ev-er
2019-07-24 10:13:57 [info]: Script execution time 0.0059108734130859 seconds.
2019-07-24 10:13:57 [info]: Script used 2 mb of memory.
2019-07-24 10:13:58 [success]: Result: for-ev-er
2019-07-24 10:13:58 [info]: Script execution time 0.0065422058105469 seconds.
2019-07-24 10:13:58 [info]: Script used 2 mb of memory.
2019-07-24 10:13:59 [success]: Result: for-ev-er
2019-07-24 10:13:59 [info]: Script execution time 0.0063719749450684 seconds.
2019-07-24 10:13:59 [info]: Script used 2 mb of memory.
2019-07-24 10:18:02 [success]: Result: Im test-ing new fea-ture. This fea-ture gives me a s-ingle test for mis-trans-late word and not on-ly for that
2019-07-24 10:18:02 [info]: Script execution time 0.53281307220459 seconds.
2019-07-24 10:18:02 [info]: Script used 4 mb of memory.
2019-07-24 10:18:08 [success]: Result: Im test-ing new fea-ture. This fea-ture gives me a s-ingle test for mis-trans-late word and not on-ly for that
2019-07-24 10:18:08 [info]: Script execution time 0.0074260234832764 seconds.
2019-07-24 10:18:08 [info]: Script used 2 mb of memory.
2019-07-24 10:18:13 [success]: Cache successfully cleared.
2019-07-24 10:18:13 [info]: Script execution time 0.0050649642944336 seconds.
2019-07-24 10:18:13 [info]: Script used 2 mb of memory.
2019-07-24 10:18:14 [success]: Result: Im test-ing new fea-ture. This fea-ture gives me a s-ingle test for mis-trans-late word and not on-ly for that
2019-07-24 10:18:14 [info]: Script execution time 0.012637138366699 seconds.
2019-07-24 10:18:14 [info]: Script used 2 mb of memory.
2019-07-24 10:18:16 [success]: Result: Im test-ing new fea-ture. This fea-ture gives me a s-ingle test for mis-trans-late word and not on-ly for that
2019-07-24 10:18:16 [info]: Script execution time 0.013217210769653 seconds.
2019-07-24 10:18:16 [info]: Script used 2 mb of memory.
2019-07-24 10:20:01 [error]: You can only import patterns. php startup -import patterns
2019-07-24 10:20:01 [info]: Script execution time 0.0034761428833008 seconds.
2019-07-24 10:20:01 [info]: Script used 2 mb of memory.
2019-07-24 10:20:04 [success]: Patterns successfully imported from tex-hyphenation-patterns.txt
2019-07-24 10:20:04 [info]: Script execution time 0.63459205627441 seconds.
2019-07-24 10:20:04 [info]: Script used 2 mb of memory.
2019-07-24 10:22:36 [success]: Cache successfully cleared.
2019-07-24 10:22:36 [info]: Script execution time 0.0047459602355957 seconds.
2019-07-24 10:22:36 [info]: Script used 2 mb of memory.
2019-07-24 10:22:39 [success]: Result: mis-trans-late
2019-07-24 10:22:39 [info]: Script execution time 0.052803039550781 seconds.
2019-07-24 10:22:39 [info]: Script used 4 mb of memory.
2019-07-24 10:22:40 [success]: Result: mis-trans-late
2019-07-24 10:22:40 [info]: Script execution time 0.0055041313171387 seconds.
2019-07-24 10:22:40 [info]: Script used 2 mb of memory.
2019-07-24 10:22:44 [success]: Cache successfully cleared.
2019-07-24 10:22:44 [info]: Script execution time 0.0076770782470703 seconds.
2019-07-24 10:22:44 [info]: Script used 2 mb of memory.
2019-07-24 10:22:45 [success]: Result: mis-trans-late
2019-07-24 10:22:45 [info]: Script execution time 0.0061628818511963 seconds.
2019-07-24 10:22:45 [info]: Script used 2 mb of memory.
2019-07-24 10:23:40 [success]: Result: mis-trans-late
2019-07-24 10:23:40 [info]: Script execution time 0.0066590309143066 seconds.
2019-07-24 10:23:40 [info]: Script used 2 mb of memory.
2019-07-24 10:23:41 [success]: Result: mis-trans-late
2019-07-24 10:23:41 [info]: Script execution time 0.0063230991363525 seconds.
2019-07-24 10:23:41 [info]: Script used 2 mb of memory.
2019-07-24 10:23:52 [success]: Result: mis-trans-late
2019-07-24 10:23:52 [info]: Script execution time 0.0067048072814941 seconds.
2019-07-24 10:23:52 [info]: Script used 2 mb of memory.
2019-07-24 10:23:54 [success]: Result: mis-trans-late
2019-07-24 10:23:54 [info]: Script execution time 0.0067207813262939 seconds.
2019-07-24 10:23:54 [info]: Script used 2 mb of memory.
2019-07-24 10:23:55 [success]: Result: mis-trans-late
2019-07-24 10:23:55 [info]: Script execution time 0.0069320201873779 seconds.
2019-07-24 10:23:55 [info]: Script used 2 mb of memory.
2019-07-24 10:23:57 [success]: Result: mis-trans-late
2019-07-24 10:23:57 [info]: Script execution time 0.0058608055114746 seconds.
2019-07-24 10:23:57 [info]: Script used 2 mb of memory.
2019-07-24 10:53:31 [success]: Result: for-est
2019-07-24 10:53:31 [info]: Script execution time 0.05010199546814 seconds.
2019-07-24 10:53:31 [info]: Script used 4 mb of memory.
2019-07-24 10:53:34 [success]: Result: for-est
2019-07-24 10:53:34 [info]: Script execution time 0.0056588649749756 seconds.
2019-07-24 10:53:34 [info]: Script used 2 mb of memory.
2019-07-24 11:04:27 [error]: Class Algorithms\FileHyphenation does not exist
2019-07-24 11:04:27 [info]: Script execution time 0.0036840438842773 seconds.
2019-07-24 11:04:27 [info]: Script used 2 mb of memory.
2019-07-24 11:04:40 [error]: Your entered file does not exist. [/Data/test]
2019-07-24 11:04:40 [info]: Script execution time 0.0060079097747803 seconds.
2019-07-24 11:04:40 [info]: Script used 2 mb of memory.
2019-07-24 11:04:59 [error]: Your entered file does not exist. [/Data/test.txt]
2019-07-24 11:04:59 [info]: Script execution time 0.0056428909301758 seconds.
2019-07-24 11:04:59 [info]: Script used 2 mb of memory.
2019-07-24 11:05:00 [error]: Your entered file does not exist. [/Data/test.txt]
2019-07-24 11:05:00 [info]: Script execution time 0.0057570934295654 seconds.
2019-07-24 11:05:00 [info]: Script used 2 mb of memory.
2019-07-24 11:05:14 [error]: Your entered file does not exist. [/Data/test.txt]
2019-07-24 11:05:14 [info]: Script execution time 0.0067999362945557 seconds.
2019-07-24 11:05:14 [info]: Script used 2 mb of memory.
2019-07-24 11:05:43 [error]: Your entered file does not exist. [/home/aleksandr/PhpstormProjects/visma-internship/Algorithms//Data/test.txt]
2019-07-24 11:05:43 [info]: Script execution time 0.0076830387115479 seconds.
2019-07-24 11:05:43 [info]: Script used 2 mb of memory.
2019-07-24 11:05:51 [error]: Your entered file does not exist. [/home/aleksandr/PhpstormProjects/visma-internship/Algorithms/Data/test.txt]
2019-07-24 11:05:51 [info]: Script execution time 0.0093328952789307 seconds.
2019-07-24 11:05:51 [info]: Script used 2 mb of memory.
2019-07-24 11:05:59 [error]: Call to a member function set() on null
2019-07-24 11:05:59 [info]: Script execution time 0.43312311172485 seconds.
2019-07-24 11:05:59 [info]: Script used 2 mb of memory.
2019-07-24 11:06:16 [success]: Result: Test-ing ma-chine. I think it work-s per-fect-ly but lets try our luck-.
2019-07-24 11:06:16 [info]: Script execution time 0.0085270404815674 seconds.
2019-07-24 11:06:16 [info]: Script used 2 mb of memory.
2019-07-24 11:06:20 [success]: Result: Test-ing ma-chine. I think it work-s per-fect-ly but lets try our luck-.
2019-07-24 11:06:20 [info]: Script execution time 0.0065958499908447 seconds.
2019-07-24 11:06:20 [info]: Script used 2 mb of memory.
2019-07-24 11:09:16 [success]: Cache successfully cleared.
2019-07-24 11:09:16 [info]: Script execution time 0.043684005737305 seconds.
2019-07-24 11:09:16 [info]: Script used 2 mb of memory.
2019-07-24 11:10:24 [error]: Argument 1 passed to Algorithms\StringHyphenation::hyphenate() must be of the type string, array given, called in /home/aleksandr/PhpstormProjects/visma-internship/Algorithms/FileHyphenation.php on line 25
2019-07-24 11:10:24 [info]: Script execution time 0.0060999393463135 seconds.
2019-07-24 11:10:24 [info]: Script used 2 mb of memory.
2019-07-24 11:15:23 [success]: Result: wom-enswear wom-er-a wom-er-ah wom-er-as wom-mala wom-mer-a wom-mer-ah wom-mer-ala wom-mer-as wom-p wom-plit wom-ps Won Wona-cot-t Won-alancet Won-der won-der-beam-ing won-der-bear-ing won-derberry won-derberries won-derbright won-der-charmed won-dercraft won-derdeed won-der-dum-b won-dered won-derer won-derers won-der-ex-cit-ing won-der-fed won-derful won-derfuller won-derfully won-derfulness won-derfulnesses won-der-hid-ing won-dering won-deringly won-derland won-derlandish won-derlands won-derless won-derlessness won-der-lov-ing won-derment won-derments won-der-mock-ing won-dermonger won-dermongering won-der-promis-ing won-der-rais-ing won-ders won-der-seek-ing won-der-shar-ing won-der-s-mit won-ders-mith won-der-s-mitten won-dersome won-der-stir-ring won-der-strick-en won-der-strik-ing won-derstrong won-derstruck- won-der-struck- won-der-teem-ing won-der-wait--ing won-derwell won-derwoman won-derwork won-der-work won-der-work-er won-der-work-ing won-derworthy won-der-wound-ed won-der-writ-ing wondie won-drous won-drously won-drousness won-drousnesses wone wone-gan Wonewoc Wong won-ga won-gah Won-gara won-ga-won-ga won-gen wong-shy wongsky won-ing wonk wonky wonki-er wonki-est wonks won-na wonned won-ner won-ners Won-nie won-ning won-not won-s Won-san won-t won't won-t-be-liev-er won-ted won-tedly won-tedness won-ting won-t-learn won-tless won-ton won-tons won-ts won-t-wait- won-t-work Woo wooable Wood Woodacre wooda-gate Woodal-l Woodard- wood-bark Wood-ber-ry wood-bin wood-bind wood-binds Wood-bine wood-bine-clad wood-bine-cov-ered wood-bined wood-bines wood-bine-wrought wood-bins wood-block-- wood-block- wood-block--s wood-bor-er wood-bor-ing wood-born wood-bound- Wood-bourne wood-box wood-boxes wood-bred Wood-bridge wood-built Wood-bury wood-bury-type- Wood-burn wood-burn-ing wood-bush wood-carv-er wood-carv-er wood-carv-ers wood-carv-ing wood-carv-ings wood-cased wood-chat wood-chats wood-chop-per wood-chop-pers wood-chop-ping wood-chuck- wood-chuck-s wood-chuck-'s wood-coc Wood-cock- wood-cockize wood-cocks wood-cock's wood-crack-er wood-craf wood-craft wood-crafter wood-crafty wood-craftiness wood-crafts wood-craftsman wood-creep-er wood-crowned wood-cut wood-cuts wood-cut-ter wood-cut-ter wood-cut-ters wood-cutting Wood-dale wood-dried wood-d-welling wood-eat-ing wood-ed wood-em-bo-somed wood-em-boss-ing Wood-en wood-en-barred wood-en-bot-tom wood-en-cum-bered wood-endite wood-ener wood-enest wood-en-faced wood-en-fea-tured wood-enhead wood-enhead-ed wood-en-head-ed wood-enhead-edness wood-en-head-edness wood-en-hoope-d wood-en-hulled wood-eny wood-en-legged wood-enly wood-en-lined wood-enness wood-ennesses wood-en-pinned wood-en-post-ed wood-en-seat-ed wood-en-shoed wood-en-sided wood-en-soled wood-en-tined wood-en-walled wood-enware wood-enweary wood-en-wheeled wood-faced wood-fal-l wood-fibered Wood-field- wood-fish Wood-ford wood-fringed woodgeld wood-girt wood-grain wood-graining wood-grouse wood-grub wood-hack- wood-hack-er Wood-head- wood-hen wood-hen wood-hens wood-hew-er wood-hew-ing wood-hole wood-hoope-d wood-horse Wood-house- wood-hous-es Wood-hul-l wood-hung Woody wood-yard Wood-ie wood-i-er wood-ies wood-iest woo-d-ine woo-d-iness 
2019-07-24 11:15:23 [info]: Script execution time 0.020604133605957 seconds.
2019-07-24 11:15:23 [info]: Script used 2 mb of memory.
2019-07-24 11:15:27 [success]: Result: wom-enswear wom-er-a wom-er-ah wom-er-as wom-mala wom-mer-a wom-mer-ah wom-mer-ala wom-mer-as wom-p wom-plit wom-ps Won Wona-cot-t Won-alancet Won-der won-der-beam-ing won-der-bear-ing won-derberry won-derberries won-derbright won-der-charmed won-dercraft won-derdeed won-der-dum-b won-dered won-derer won-derers won-der-ex-cit-ing won-der-fed won-derful won-derfuller won-derfully won-derfulness won-derfulnesses won-der-hid-ing won-dering won-deringly won-derland won-derlandish won-derlands won-derless won-derlessness won-der-lov-ing won-derment won-derments won-der-mock-ing won-dermonger won-dermongering won-der-promis-ing won-der-rais-ing won-ders won-der-seek-ing won-der-shar-ing won-der-s-mit won-ders-mith won-der-s-mitten won-dersome won-der-stir-ring won-der-strick-en won-der-strik-ing won-derstrong won-derstruck- won-der-struck- won-der-teem-ing won-der-wait--ing won-derwell won-derwoman won-derwork won-der-work won-der-work-er won-der-work-ing won-derworthy won-der-wound-ed won-der-writ-ing wondie won-drous won-drously won-drousness won-drousnesses wone wone-gan Wonewoc Wong won-ga won-gah Won-gara won-ga-won-ga won-gen wong-shy wongsky won-ing wonk wonky wonki-er wonki-est wonks won-na wonned won-ner won-ners Won-nie won-ning won-not won-s Won-san won-t won't won-t-be-liev-er won-ted won-tedly won-tedness won-ting won-t-learn won-tless won-ton won-tons won-ts won-t-wait- won-t-work Woo wooable Wood Woodacre wooda-gate Woodal-l Woodard- wood-bark Wood-ber-ry wood-bin wood-bind wood-binds Wood-bine wood-bine-clad wood-bine-cov-ered wood-bined wood-bines wood-bine-wrought wood-bins wood-block-- wood-block- wood-block--s wood-bor-er wood-bor-ing wood-born wood-bound- Wood-bourne wood-box wood-boxes wood-bred Wood-bridge wood-built Wood-bury wood-bury-type- Wood-burn wood-burn-ing wood-bush wood-carv-er wood-carv-er wood-carv-ers wood-carv-ing wood-carv-ings wood-cased wood-chat wood-chats wood-chop-per wood-chop-pers wood-chop-ping wood-chuck- wood-chuck-s wood-chuck-'s wood-coc Wood-cock- wood-cockize wood-cocks wood-cock's wood-crack-er wood-craf wood-craft wood-crafter wood-crafty wood-craftiness wood-crafts wood-craftsman wood-creep-er wood-crowned wood-cut wood-cuts wood-cut-ter wood-cut-ter wood-cut-ters wood-cutting Wood-dale wood-dried wood-d-welling wood-eat-ing wood-ed wood-em-bo-somed wood-em-boss-ing Wood-en wood-en-barred wood-en-bot-tom wood-en-cum-bered wood-endite wood-ener wood-enest wood-en-faced wood-en-fea-tured wood-enhead wood-enhead-ed wood-en-head-ed wood-enhead-edness wood-en-head-edness wood-en-hoope-d wood-en-hulled wood-eny wood-en-legged wood-enly wood-en-lined wood-enness wood-ennesses wood-en-pinned wood-en-post-ed wood-en-seat-ed wood-en-shoed wood-en-sided wood-en-soled wood-en-tined wood-en-walled wood-enware wood-enweary wood-en-wheeled wood-faced wood-fal-l wood-fibered Wood-field- wood-fish Wood-ford wood-fringed woodgeld wood-girt wood-grain wood-graining wood-grouse wood-grub wood-hack- wood-hack-er Wood-head- wood-hen wood-hen wood-hens wood-hew-er wood-hew-ing wood-hole wood-hoope-d wood-horse Wood-house- wood-hous-es Wood-hul-l wood-hung Woody wood-yard Wood-ie wood-i-er wood-ies wood-iest woo-d-ine woo-d-iness 
2019-07-24 11:15:27 [info]: Script execution time 0.023187875747681 seconds.
2019-07-24 11:15:27 [info]: Script used 2 mb of memory.
2019-07-24 11:16:04 [success]: Result: for-ev-er
2019-07-24 11:16:04 [info]: Script execution time 0.04427695274353 seconds.
2019-07-24 11:16:04 [info]: Script used 2 mb of memory.
2019-07-24 11:16:19 [success]: Cache successfully cleared.
2019-07-24 11:16:19 [info]: Script execution time 0.058907985687256 seconds.
2019-07-24 11:16:19 [info]: Script used 2 mb of memory.
2019-07-24 11:16:21 [success]: Result: for-ev-er
2019-07-24 11:16:21 [info]: Script execution time 0.055641174316406 seconds.
2019-07-24 11:16:21 [info]: Script used 4 mb of memory.
2019-07-24 11:16:29 [success]: Cache successfully cleared.
2019-07-24 11:16:29 [info]: Script execution time 0.0086338520050049 seconds.
2019-07-24 11:16:29 [info]: Script used 2 mb of memory.
2019-07-24 11:16:59 [success]: Result: for-ev-er
2019-07-24 11:16:59 [info]: Script execution time 0.04828405380249 seconds.
2019-07-24 11:16:59 [info]: Script used 4 mb of memory.
2019-07-24 11:17:12 [success]: Cache successfully cleared.
2019-07-24 11:17:12 [info]: Script execution time 0.008105993270874 seconds.
2019-07-24 11:17:12 [info]: Script used 2 mb of memory.
2019-07-24 11:17:13 [info]: Script execution time 0.046933889389038 seconds.
2019-07-24 11:17:13 [info]: Script used 4 mb of memory.
2019-07-24 11:20:34 [success]: Result: for-ev-er
2019-07-24 11:20:34 [info]: Script execution time 0.005511999130249 seconds.
2019-07-24 11:20:34 [info]: Script used 2 mb of memory.
2019-07-24 11:20:41 [success]: Cache successfully cleared.
2019-07-24 11:20:41 [info]: Script execution time 0.008059024810791 seconds.
2019-07-24 11:20:41 [info]: Script used 2 mb of memory.
2019-07-24 11:20:42 [success]: Result: for-ev-er
2019-07-24 11:20:42 [info]: Script execution time 0.043775796890259 seconds.
2019-07-24 11:20:42 [info]: Script used 4 mb of memory.
2019-07-24 11:21:30 [success]: Result: for-ev-er
2019-07-24 11:21:30 [info]: Script execution time 0.0054640769958496 seconds.
2019-07-24 11:21:30 [info]: Script used 2 mb of memory.
2019-07-24 11:21:31 [success]: Cache successfully cleared.
2019-07-24 11:21:31 [info]: Script execution time 0.0082471370697021 seconds.
2019-07-24 11:21:31 [info]: Script used 2 mb of memory.
2019-07-24 11:21:32 [info]: Script execution time 0.044738054275513 seconds.
2019-07-24 11:21:32 [info]: Script used 4 mb of memory.
2019-07-24 11:21:46 [success]: Result: for-ev-er
2019-07-24 11:21:46 [info]: Script execution time 0.0052790641784668 seconds.
2019-07-24 11:21:46 [info]: Script used 2 mb of memory.
2019-07-24 11:21:48 [success]: Cache successfully cleared.
2019-07-24 11:21:48 [info]: Script execution time 0.0086309909820557 seconds.
2019-07-24 11:21:48 [info]: Script used 2 mb of memory.
2019-07-24 11:21:48 [info]: Script execution time 0.044070959091187 seconds.
2019-07-24 11:21:48 [info]: Script used 4 mb of memory.
2019-07-24 11:22:00 [success]: Result: for-ev-er
2019-07-24 11:22:00 [info]: Script execution time 0.010267019271851 seconds.
2019-07-24 11:22:00 [info]: Script used 2 mb of memory.
2019-07-24 11:22:01 [success]: Result: for-ev-er
2019-07-24 11:22:01 [info]: Script execution time 0.0055959224700928 seconds.
2019-07-24 11:22:01 [info]: Script used 2 mb of memory.
2019-07-24 11:22:02 [success]: Cache successfully cleared.
2019-07-24 11:22:02 [info]: Script execution time 0.0082950592041016 seconds.
2019-07-24 11:22:02 [info]: Script used 2 mb of memory.
2019-07-24 11:22:03 [info]: Script execution time 0.045048952102661 seconds.
2019-07-24 11:22:03 [info]: Script used 4 mb of memory.
2019-07-24 11:22:03 [info]: Script execution time 0.039947032928467 seconds.
2019-07-24 11:22:03 [info]: Script used 2 mb of memory.
2019-07-24 11:22:04 [info]: Script execution time 0.039697885513306 seconds.
2019-07-24 11:22:04 [info]: Script used 2 mb of memory.
2019-07-24 11:22:56 [info]: Script execution time 0.044437885284424 seconds.
2019-07-24 11:22:56 [info]: Script used 2 mb of memory.
2019-07-24 11:23:22 [info]: Script execution time 0.045234203338623 seconds.
2019-07-24 11:23:22 [info]: Script used 2 mb of memory.
2019-07-24 11:25:50 [success]: Result: for-ev-er
2019-07-24 11:25:50 [info]: Script execution time 0.049034118652344 seconds.
2019-07-24 11:25:50 [info]: Script used 2 mb of memory.
2019-07-24 11:26:11 [success]: Result: for-ev-er
2019-07-24 11:26:11 [info]: Script execution time 0.0060129165649414 seconds.
2019-07-24 11:26:11 [info]: Script used 2 mb of memory.
2019-07-24 11:26:14 [success]: Cache successfully cleared.
2019-07-24 11:26:14 [info]: Script execution time 0.008497953414917 seconds.
2019-07-24 11:26:14 [info]: Script used 2 mb of memory.
2019-07-24 11:26:15 [success]: Result: for-ev-er
2019-07-24 11:26:15 [info]: Script execution time 0.0062329769134521 seconds.
2019-07-24 11:26:15 [info]: Script used 2 mb of memory.
2019-07-24 11:26:17 [success]: Result: for-ev-er
2019-07-24 11:26:17 [info]: Script execution time 0.0065238475799561 seconds.
2019-07-24 11:26:17 [info]: Script used 2 mb of memory.
2019-07-24 11:29:10 [success]: Result: wom-enswear wom-er-a wom-er-ah wom-er-as wom-mala wom-mer-a wom-mer-ah wom-mer-ala wom-mer-as wom-p wom-plit wom-ps Won Wona-cot-t Won-alancet Won-der Won-der-beam-ing Won-der-bear-ing Won-derberry Won-derberries Won-derbright Won-der-charmed Won-dercraft Won-derdeed Won-der-dum-b Won-dered Won-derer Won-derers Won-der-ex-cit-ing Won-der-fed Won-derful Won-derfuller Won-derfully Won-derfulness Won-derfulnesses Won-der-hid-ing Won-dering Won-deringly Won-derland Won-derlandish Won-derlands Won-derless Won-derlessness Won-der-lov-ing Won-derment Won-derments Won-der-mock-ing Won-dermonger Won-dermongering Won-der-promis-ing Won-der-rais-ing Won-ders Won-der-seek-ing Won-der-shar-ing Won-der-s-mit Won-ders-mith Won-der-s-mitten Won-dersome Won-der-stir-ring Won-der-strick-en Won-der-strik-ing Won-derstrong Won-derstruck- Won-der-struck- Won-der-teem-ing Won-der-wait--ing Won-derwell Won-derwoman Won-derwork Won-der-work Won-der-work-er Won-der-work-ing Won-derworthy Won-der-wound-ed Won-der-writ-ing Wondie Won-drous Won-drously Won-drousness Won-drousnesses Wone Wone-gan Wonewoc Wong Won-ga Won-gah Won-gara Won-ga-Won-ga Won-gen Wong-shy Wongsky Won-ing Wonk Wonky Wonki-er Wonki-est Wonks Won-na Wonned Won-ner Won-ners Won-nie Won-ning Won-not Won-s Won-san Won-t Won't Won-t-be-liev-er Won-ted Won-tedly Won-tedness Won-ting Won-t-learn Won-tless Won-ton Won-tons Won-ts Won-t-wait- Won-t-work Woo wooable Wood Woodacre Wooda-gate Woodal-l Woodard- Wood-bark Wood-ber-ry Wood-bin Wood-bind Wood-binds Wood-bine Wood-bine-clad Wood-bine-cov-ered Wood-bined Wood-bines Wood-bine-wrought Wood-bins Wood-block-- Wood-block- Wood-block--s Woodborer Wood-bor-ing Wood-born Woodbound Wood-bourne Woodbox Woodboxes Wood-bred Wood-bridge Wood-built Wood-bury Wood-burytype Wood-burn Wood-burning Woodbush Woodcarv-er Wood-carv-er Woodcarv-ers Woodcarving Woodcarvings Wood-cased Woodchat Woodchats Woodchopper Woodchoppers Woodchopping Woodchuck Woodchucks Woodchuck's Woodcoc Wood-cock- Wood-cock-ize Wood-cock-s Wood-cock-'s Woodcracker Woodcraf Woodcraft Woodcrafter Woodcrafty Woodcraftiness Woodcrafts Woodcraftsman Woodcreeper Wood-crowned Woodcut Woodcuts Woodcut-ter Wood-cut-ter Woodcut-ters Woodcutting Wood-dale Wood-dried Wood-d-welling Wood-eat-ing Wooded Wood-em-bo-somed Wood-em-boss-ing Wood-en Wood-en-barred Wood-en-bot-tom Wood-en-cum-bered Wood-endite Wood-ener Wood-enest Wood-en-faced Wood-en-fea-tured Wood-enhead Wood-enhead-ed Wood-en-head-ed Wood-enhead-edness Wood-en-head-edness Wood-en-hoope-d Wood-en-hulled Wood-eny Wood-en-legged Wood-enly Wood-en-lined Wood-enness Wood-ennesses Wood-en-pinned Wood-en-post-ed Wood-en-seat-ed Wood-en-shoed Wood-en-sided Wood-en-soled Wood-en-tined Wood-en-walled Wood-enware Wood-enweary Wood-en-wheeled Wood-faced Woodfall Wood-fibered Wood-field- Woodfish Wood-ford Wood-fringed Woodgeld Wood-girt Woodgrain Woodgraining Woodgrouse Woodgrub Woodhack Woodhacker Wood-head- Woodhen Wood-hen Woodhens Woodhewer Wood-hew-ing Woodhole Wood-hoope-d Woodhorse Wood-house- Wood-house-s Wood-hul-l Woodhung Woody Woodyard Wood-ie Wood-ier Wood-ies Wood-iest Woodine Woodiness 
2019-07-24 11:29:10 [info]: Script execution time 9.7770509719849 seconds.
2019-07-24 11:29:10 [info]: Script used 4 mb of memory.
2019-07-24 11:29:14 [success]: Result: wom-enswear wom-er-a wom-er-ah wom-er-as wom-mala wom-mer-a wom-mer-ah wom-mer-ala wom-mer-as wom-p wom-plit wom-ps Won Wona-cot-t Won-alancet Won-der Won-der-beam-ing Won-der-bear-ing Won-derberry Won-derberries Won-derbright Won-der-charmed Won-dercraft Won-derdeed Won-der-dum-b Won-dered Won-derer Won-derers Won-der-ex-cit-ing Won-der-fed Won-derful Won-derfuller Won-derfully Won-derfulness Won-derfulnesses Won-der-hid-ing Won-dering Won-deringly Won-derland Won-derlandish Won-derlands Won-derless Won-derlessness Won-der-lov-ing Won-derment Won-derments Won-der-mock-ing Won-dermonger Won-dermongering Won-der-promis-ing Won-der-rais-ing Won-ders Won-der-seek-ing Won-der-shar-ing Won-der-s-mit Won-ders-mith Won-der-s-mitten Won-dersome Won-der-stir-ring Won-der-strick-en Won-der-strik-ing Won-derstrong Won-derstruck- Won-der-struck- Won-der-teem-ing Won-der-wait--ing Won-derwell Won-derwoman Won-derwork Won-der-work Won-der-work-er Won-der-work-ing Won-derworthy Won-der-wound-ed Won-der-writ-ing Wondie Won-drous Won-drously Won-drousness Won-drousnesses Wone Wone-gan Wonewoc Wong Won-ga Won-gah Won-gara Won-ga-Won-ga Won-gen Wong-shy Wongsky Won-ing Wonk Wonky Wonki-er Wonki-est Wonks Won-na Wonned Won-ner Won-ners Won-nie Won-ning Won-not Won-s Won-san Won-t Won't Won-t-be-liev-er Won-ted Won-tedly Won-tedness Won-ting Won-t-learn Won-tless Won-ton Won-tons Won-ts Won-t-wait- Won-t-work Woo wooable Wood Woodacre Wooda-gate Woodal-l Woodard- Wood-bark Wood-ber-ry Wood-bin Wood-bind Wood-binds Wood-bine Wood-bine-clad Wood-bine-cov-ered Wood-bined Wood-bines Wood-bine-wrought Wood-bins Wood-block-- Wood-block- Wood-block--s Woodborer Wood-bor-ing Wood-born Woodbound Wood-bourne Woodbox Woodboxes Wood-bred Wood-bridge Wood-built Wood-bury Wood-burytype Wood-burn Wood-burning Woodbush Woodcarv-er Wood-carv-er Woodcarv-ers Woodcarving Woodcarvings Wood-cased Woodchat Woodchats Woodchopper Woodchoppers Woodchopping Woodchuck Woodchucks Woodchuck's Woodcoc Wood-cock- Wood-cock-ize Wood-cock-s Wood-cock-'s Woodcracker Woodcraf Woodcraft Woodcrafter Woodcrafty Woodcraftiness Woodcrafts Woodcraftsman Woodcreeper Wood-crowned Woodcut Woodcuts Woodcut-ter Wood-cut-ter Woodcut-ters Woodcutting Wood-dale Wood-dried Wood-d-welling Wood-eat-ing Wooded Wood-em-bo-somed Wood-em-boss-ing Wood-en Wood-en-barred Wood-en-bot-tom Wood-en-cum-bered Wood-endite Wood-ener Wood-enest Wood-en-faced Wood-en-fea-tured Wood-enhead Wood-enhead-ed Wood-en-head-ed Wood-enhead-edness Wood-en-head-edness Wood-en-hoope-d Wood-en-hulled Wood-eny Wood-en-legged Wood-enly Wood-en-lined Wood-enness Wood-ennesses Wood-en-pinned Wood-en-post-ed Wood-en-seat-ed Wood-en-shoed Wood-en-sided Wood-en-soled Wood-en-tined Wood-en-walled Wood-enware Wood-enweary Wood-en-wheeled Wood-faced Woodfall Wood-fibered Wood-field- Woodfish Wood-ford Wood-fringed Woodgeld Wood-girt Woodgrain Woodgraining Woodgrouse Woodgrub Woodhack Woodhacker Wood-head- Woodhen Wood-hen Woodhens Woodhewer Wood-hew-ing Woodhole Wood-hoope-d Woodhorse Wood-house- Wood-house-s Wood-hul-l Woodhung Woody Woodyard Wood-ie Wood-ier Wood-ies Wood-iest Woodine Woodiness 
2019-07-24 11:29:14 [info]: Script execution time 0.046888828277588 seconds.
2019-07-24 11:29:14 [info]: Script used 2 mb of memory.
2019-07-24 12:35:11 [error]: Usage: php startup [flag] [target]
2019-07-24 12:35:11 [info]: Script execution time 0.0037219524383545 seconds.
2019-07-24 12:35:11 [info]: Script used 2 mb of memory.
2019-07-24 12:35:13 [error]: Usage: php startup [flag] [target]
2019-07-24 12:35:13 [info]: Script execution time 0.0035390853881836 seconds.
2019-07-24 12:35:13 [info]: Script used 2 mb of memory.
2019-07-24 12:35:15 [error]: Such flag [-f] does not exist.
2019-07-24 12:35:15 [info]: Script execution time 0.0035510063171387 seconds.
2019-07-24 12:35:15 [info]: Script used 2 mb of memory.
2019-07-24 12:36:17 [error]: Usage: php startup [flag] [target]
2019-07-24 12:36:17 [info]: Script execution time 0.0034799575805664 seconds.
2019-07-24 12:36:17 [info]: Script used 2 mb of memory.
2019-07-24 12:36:22 [success]: Result: mis-trans-late
2019-07-24 12:36:22 [info]: Script execution time 0.0065329074859619 seconds.
2019-07-24 12:36:22 [info]: Script used 2 mb of memory.
2019-07-24 12:36:27 [success]: Cache successfully cleared.
2019-07-24 12:36:27 [info]: Script execution time 0.015227794647217 seconds.
2019-07-24 12:36:27 [info]: Script used 2 mb of memory.
2019-07-24 12:36:28 [success]: Result: mis-trans-late
2019-07-24 12:36:28 [info]: Script execution time 0.0064749717712402 seconds.
2019-07-24 12:36:28 [info]: Script used 2 mb of memory.
2019-07-24 12:39:04 [success]: Result: mis-trans-late
2019-07-24 12:39:04 [info]: Script execution time 0.0063588619232178 seconds.
2019-07-24 12:39:04 [info]: Script used 2 mb of memory.
2019-07-24 13:04:40 [error]: Cannot resolve class patternsList dependencies.
2019-07-24 13:04:58 [error]: Cannot resolve class patternsList dependencies.
2019-07-24 13:12:50 [success]: Patterns successfully imported from tex-hyphenation-patterns.txt
2019-07-24 13:12:50 [info]: Script execution time 0.64517688751221 seconds.
2019-07-24 13:12:50 [info]: Script used 2 mb of memory.
2019-07-24 13:12:54 [success]: Cache successfully cleared.
2019-07-24 13:12:54 [info]: Script execution time 0.008842945098877 seconds.
2019-07-24 13:12:54 [info]: Script used 2 mb of memory.
2019-07-24 13:13:15 [error]: Call to undefined method Algorithms\Proxy::getResult()
2019-07-24 13:16:19 [success]: Result: mis-trans-late
2019-07-24 13:16:19 [info]: Script execution time 0.005774974822998 seconds.
2019-07-24 13:16:19 [info]: Script used 2 mb of memory.
2019-07-24 13:16:22 [success]: Result: for-ev-er
2019-07-24 13:16:22 [info]: Script execution time 0.0056400299072266 seconds.
2019-07-24 13:16:22 [info]: Script used 2 mb of memory.
2019-07-24 15:09:31 [success]: Result: mis-trans-late
2019-07-24 15:09:31 [info]: Script execution time 0.0064918994903564 seconds.
2019-07-24 15:09:31 [info]: Script used 2 mb of memory.
2019-07-24 15:09:39 [success]: Result: mis-trans-late
2019-07-24 15:09:39 [info]: Script execution time 0.0063700675964355 seconds.
2019-07-24 15:09:39 [info]: Script used 2 mb of memory.
2019-07-24 15:10:28 [success]: Result: mis-trans-late
2019-07-24 15:10:28 [info]: Script execution time 0.007314920425415 seconds.
2019-07-24 15:10:28 [info]: Script used 2 mb of memory.
2019-07-24 15:22:51 [success]: Result: mis-trans-late
2019-07-24 15:22:51 [info]: Script execution time 0.0072848796844482 seconds.
2019-07-24 15:22:51 [info]: Script used 2 mb of memory.
